27-Nov-2021 10:55:27.689 ADVERTENCIA [http-nio-8080-exec-1] org.apache.catalina.realm.LockOutRealm.filterLockedAccounts Se ha intentado autentica al usuario bloqueado [root]
27-Nov-2021 10:58:02.150 ADVERTENCIA [http-nio-8080-exec-4] org.apache.catalina.realm.LockOutRealm.filterLockedAccounts Se ha intentado autentica al usuario bloqueado [root]
27-Nov-2021 10:59:56.574 ADVERTENCIA [http-nio-8080-exec-4] org.apache.catalina.realm.LockOutRealm.filterLockedAccounts Se ha intentado autentica al usuario bloqueado [root]
27-Nov-2021 11:00:38.946 ADVERTENCIA [http-nio-8080-exec-5] org.apache.catalina.realm.LockOutRealm.filterLockedAccounts Se ha intentado autentica al usuario bloqueado [tomcat]
27-Nov-2021 11:01:30.512 ADVERTENCIA [http-nio-8080-exec-6] org.apache.catalina.realm.LockOutRealm.filterLockedAccounts Se ha intentado autentica al usuario bloqueado [tomcat]
27-Nov-2021 11:02:05.927 ADVERTENCIA [http-nio-8080-exec-10] org.apache.catalina.realm.LockOutRealm.filterLockedAccounts Se ha intentado autentica al usuario bloqueado [tomcat]
27-Nov-2021 11:02:13.285 ADVERTENCIA [http-nio-8080-exec-7] org.apache.catalina.realm.LockOutRealm.filterLockedAccounts Se ha intentado autentica al usuario bloqueado [role1]
27-Nov-2021 11:02:52.137 ADVERTENCIA [http-nio-8080-exec-4] org.apache.catalina.realm.LockOutRealm.filterLockedAccounts Se ha intentado autentica al usuario bloqueado [root]
27-Nov-2021 11:02:52.768 ADVERTENCIA [http-nio-8080-exec-3] org.apache.catalina.realm.LockOutRealm.filterLockedAccounts Se ha intentado autentica al usuario bloqueado [root]
27-Nov-2021 11:03:25.457 ADVERTENCIA [http-nio-8080-exec-8] org.apache.catalina.realm.LockOutRealm.filterLockedAccounts Se ha intentado autentica al usuario bloqueado [admin]
27-Nov-2021 11:03:25.984 ADVERTENCIA [http-nio-8080-exec-3] org.apache.catalina.realm.LockOutRealm.filterLockedAccounts Se ha intentado autentica al usuario bloqueado [admin]
27-Nov-2021 11:03:30.631 ADVERTENCIA [http-nio-8080-exec-2] org.apache.catalina.realm.LockOutRealm.filterLockedAccounts Se ha intentado autentica al usuario bloqueado [root]
27-Nov-2021 11:03:36.035 ADVERTENCIA [http-nio-8080-exec-9] org.apache.catalina.realm.LockOutRealm.filterLockedAccounts Se ha intentado autentica al usuario bloqueado [root]
27-Nov-2021 11:03:38.086 ADVERTENCIA [http-nio-8080-exec-8] org.apache.catalina.realm.LockOutRealm.filterLockedAccounts Se ha intentado autentica al usuario bloqueado [root]
27-Nov-2021 11:03:38.748 ADVERTENCIA [http-nio-8080-exec-3] org.apache.catalina.realm.LockOutRealm.filterLockedAccounts Se ha intentado autentica al usuario bloqueado [root]
27-Nov-2021 11:03:41.251 ADVERTENCIA [http-nio-8080-exec-2] org.apache.catalina.realm.LockOutRealm.filterLockedAccounts Se ha intentado autentica al usuario bloqueado [root]
27-Nov-2021 11:03:43.930 ADVERTENCIA [http-nio-8080-exec-1] org.apache.catalina.realm.LockOutRealm.filterLockedAccounts Se ha intentado autentica al usuario bloqueado [root]
27-Nov-2021 11:03:45.715 ADVERTENCIA [http-nio-8080-exec-5] org.apache.catalina.realm.LockOutRealm.filterLockedAccounts Se ha intentado autentica al usuario bloqueado [root]
27-Nov-2021 11:05:28.863 ADVERTENCIA [http-nio-8080-exec-3] org.apache.catalina.realm.LockOutRealm.filterLockedAccounts Se ha intentado autentica al usuario bloqueado []
27-Nov-2021 11:05:29.177 ADVERTENCIA [http-nio-8080-exec-2] org.apache.catalina.realm.LockOutRealm.filterLockedAccounts Se ha intentado autentica al usuario bloqueado []
27-Nov-2021 11:05:29.335 ADVERTENCIA [http-nio-8080-exec-7] org.apache.catalina.realm.LockOutRealm.filterLockedAccounts Se ha intentado autentica al usuario bloqueado []
27-Nov-2021 11:05:29.520 ADVERTENCIA [http-nio-8080-exec-8] org.apache.catalina.realm.LockOutRealm.filterLockedAccounts Se ha intentado autentica al usuario bloqueado []
27-Nov-2021 11:05:29.671 ADVERTENCIA [http-nio-8080-exec-3] org.apache.catalina.realm.LockOutRealm.filterLockedAccounts Se ha intentado autentica al usuario bloqueado []
27-Nov-2021 11:05:29.869 ADVERTENCIA [http-nio-8080-exec-2] org.apache.catalina.realm.LockOutRealm.filterLockedAccounts Se ha intentado autentica al usuario bloqueado []
27-Nov-2021 11:05:30.166 ADVERTENCIA [http-nio-8080-exec-7] org.apache.catalina.realm.LockOutRealm.filterLockedAccounts Se ha intentado autentica al usuario bloqueado []
27-Nov-2021 11:05:30.478 ADVERTENCIA [http-nio-8080-exec-9] org.apache.catalina.realm.LockOutRealm.filterLockedAccounts Se ha intentado autentica al usuario bloqueado []
27-Nov-2021 11:05:30.669 ADVERTENCIA [http-nio-8080-exec-8] org.apache.catalina.realm.LockOutRealm.filterLockedAccounts Se ha intentado autentica al usuario bloqueado []
27-Nov-2021 11:05:30.999 ADVERTENCIA [http-nio-8080-exec-3] org.apache.catalina.realm.LockOutRealm.filterLockedAccounts Se ha intentado autentica al usuario bloqueado []
27-Nov-2021 11:05:31.209 ADVERTENCIA [http-nio-8080-exec-2] org.apache.catalina.realm.LockOutRealm.filterLockedAccounts Se ha intentado autentica al usuario bloqueado []
27-Nov-2021 11:05:31.400 ADVERTENCIA [http-nio-8080-exec-7] org.apache.catalina.realm.LockOutRealm.filterLockedAccounts Se ha intentado autentica al usuario bloqueado []
27-Nov-2021 11:05:31.549 ADVERTENCIA [http-nio-8080-exec-9] org.apache.catalina.realm.LockOutRealm.filterLockedAccounts Se ha intentado autentica al usuario bloqueado []
27-Nov-2021 11:05:31.760 ADVERTENCIA [http-nio-8080-exec-8] org.apache.catalina.realm.LockOutRealm.filterLockedAccounts Se ha intentado autentica al usuario bloqueado []
27-Nov-2021 11:05:31.886 ADVERTENCIA [http-nio-8080-exec-3] org.apache.catalina.realm.LockOutRealm.filterLockedAccounts Se ha intentado autentica al usuario bloqueado []
27-Nov-2021 11:05:32.091 ADVERTENCIA [http-nio-8080-exec-2] org.apache.catalina.realm.LockOutRealm.filterLockedAccounts Se ha intentado autentica al usuario bloqueado []
27-Nov-2021 11:05:35.103 ADVERTENCIA [http-nio-8080-exec-1] org.apache.catalina.realm.LockOutRealm.filterLockedAccounts Se ha intentado autentica al usuario bloqueado []
27-Nov-2021 11:05:35.115 ADVERTENCIA [http-nio-8080-exec-9] org.apache.catalina.realm.LockOutRealm.filterLockedAccounts Se ha intentado autentica al usuario bloqueado []
27-Nov-2021 11:08:21.523 ADVERTENCIA [http-nio-8080-exec-2] org.apache.catalina.realm.LockOutRealm.filterLockedAccounts Se ha intentado autentica al usuario bloqueado [root]
27-Nov-2021 11:08:22.388 ADVERTENCIA [http-nio-8080-exec-9] org.apache.catalina.realm.LockOutRealm.filterLockedAccounts Se ha intentado autentica al usuario bloqueado [root]
27-Nov-2021 11:08:22.701 ADVERTENCIA [http-nio-8080-exec-8] org.apache.catalina.realm.LockOutRealm.filterLockedAccounts Se ha intentado autentica al usuario bloqueado [root]
27-Nov-2021 11:08:22.900 ADVERTENCIA [http-nio-8080-exec-4] org.apache.catalina.realm.LockOutRealm.filterLockedAccounts Se ha intentado autentica al usuario bloqueado [root]
27-Nov-2021 11:08:23.100 ADVERTENCIA [http-nio-8080-exec-2] org.apache.catalina.realm.LockOutRealm.filterLockedAccounts Se ha intentado autentica al usuario bloqueado [root]
27-Nov-2021 11:08:23.261 ADVERTENCIA [http-nio-8080-exec-10] org.apache.catalina.realm.LockOutRealm.filterLockedAccounts Se ha intentado autentica al usuario bloqueado [root]
27-Nov-2021 11:08:23.408 ADVERTENCIA [http-nio-8080-exec-9] org.apache.catalina.realm.LockOutRealm.filterLockedAccounts Se ha intentado autentica al usuario bloqueado [root]
27-Nov-2021 11:08:23.556 ADVERTENCIA [http-nio-8080-exec-8] org.apache.catalina.realm.LockOutRealm.filterLockedAccounts Se ha intentado autentica al usuario bloqueado [root]
27-Nov-2021 11:08:23.729 ADVERTENCIA [http-nio-8080-exec-4] org.apache.catalina.realm.LockOutRealm.filterLockedAccounts Se ha intentado autentica al usuario bloqueado [root]
27-Nov-2021 11:08:23.888 ADVERTENCIA [http-nio-8080-exec-2] org.apache.catalina.realm.LockOutRealm.filterLockedAccounts Se ha intentado autentica al usuario bloqueado [root]
27-Nov-2021 11:08:24.066 ADVERTENCIA [http-nio-8080-exec-10] org.apache.catalina.realm.LockOutRealm.filterLockedAccounts Se ha intentado autentica al usuario bloqueado [root]
27-Nov-2021 11:08:24.240 ADVERTENCIA [http-nio-8080-exec-9] org.apache.catalina.realm.LockOutRealm.filterLockedAccounts Se ha intentado autentica al usuario bloqueado [root]
27-Nov-2021 11:08:24.400 ADVERTENCIA [http-nio-8080-exec-8] org.apache.catalina.realm.LockOutRealm.filterLockedAccounts Se ha intentado autentica al usuario bloqueado [root]
27-Nov-2021 11:08:24.920 ADVERTENCIA [http-nio-8080-exec-4] org.apache.catalina.realm.LockOutRealm.filterLockedAccounts Se ha intentado autentica al usuario bloqueado [root]
27-Nov-2021 11:08:25.058 ADVERTENCIA [http-nio-8080-exec-2] org.apache.catalina.realm.LockOutRealm.filterLockedAccounts Se ha intentado autentica al usuario bloqueado [root]
27-Nov-2021 11:08:25.155 ADVERTENCIA [http-nio-8080-exec-10] org.apache.catalina.realm.LockOutRealm.filterLockedAccounts Se ha intentado autentica al usuario bloqueado [root]
27-Nov-2021 11:08:25.280 ADVERTENCIA [http-nio-8080-exec-9] org.apache.catalina.realm.LockOutRealm.filterLockedAccounts Se ha intentado autentica al usuario bloqueado [root]
27-Nov-2021 11:08:25.537 ADVERTENCIA [http-nio-8080-exec-8] org.apache.catalina.realm.LockOutRealm.filterLockedAccounts Se ha intentado autentica al usuario bloqueado [root]
27-Nov-2021 11:08:26.055 ADVERTENCIA [http-nio-8080-exec-4] org.apache.catalina.realm.LockOutRealm.filterLockedAccounts Se ha intentado autentica al usuario bloqueado [root]
27-Nov-2021 11:08:26.186 ADVERTENCIA [http-nio-8080-exec-2] org.apache.catalina.realm.LockOutRealm.filterLockedAccounts Se ha intentado autentica al usuario bloqueado [root]
27-Nov-2021 11:08:26.296 ADVERTENCIA [http-nio-8080-exec-10] org.apache.catalina.realm.LockOutRealm.filterLockedAccounts Se ha intentado autentica al usuario bloqueado [root]
27-Nov-2021 11:08:26.420 ADVERTENCIA [http-nio-8080-exec-9] org.apache.catalina.realm.LockOutRealm.filterLockedAccounts Se ha intentado autentica al usuario bloqueado [root]
27-Nov-2021 11:08:26.520 ADVERTENCIA [http-nio-8080-exec-8] org.apache.catalina.realm.LockOutRealm.filterLockedAccounts Se ha intentado autentica al usuario bloqueado [root]
27-Nov-2021 11:08:26.656 ADVERTENCIA [http-nio-8080-exec-4] org.apache.catalina.realm.LockOutRealm.filterLockedAccounts Se ha intentado autentica al usuario bloqueado [root]
27-Nov-2021 11:08:26.757 ADVERTENCIA [http-nio-8080-exec-2] org.apache.catalina.realm.LockOutRealm.filterLockedAccounts Se ha intentado autentica al usuario bloqueado [root]
27-Nov-2021 11:08:26.873 ADVERTENCIA [http-nio-8080-exec-10] org.apache.catalina.realm.LockOutRealm.filterLockedAccounts Se ha intentado autentica al usuario bloqueado [root]
27-Nov-2021 11:08:26.973 ADVERTENCIA [http-nio-8080-exec-9] org.apache.catalina.realm.LockOutRealm.filterLockedAccounts Se ha intentado autentica al usuario bloqueado [root]
27-Nov-2021 11:08:27.062 ADVERTENCIA [http-nio-8080-exec-8] org.apache.catalina.realm.LockOutRealm.filterLockedAccounts Se ha intentado autentica al usuario bloqueado [root]
27-Nov-2021 11:08:27.174 ADVERTENCIA [http-nio-8080-exec-4] org.apache.catalina.realm.LockOutRealm.filterLockedAccounts Se ha intentado autentica al usuario bloqueado [root]
27-Nov-2021 11:08:27.265 ADVERTENCIA [http-nio-8080-exec-2] org.apache.catalina.realm.LockOutRealm.filterLockedAccounts Se ha intentado autentica al usuario bloqueado [root]
27-Nov-2021 11:08:27.365 ADVERTENCIA [http-nio-8080-exec-10] org.apache.catalina.realm.LockOutRealm.filterLockedAccounts Se ha intentado autentica al usuario bloqueado [root]
27-Nov-2021 11:08:27.458 ADVERTENCIA [http-nio-8080-exec-9] org.apache.catalina.realm.LockOutRealm.filterLockedAccounts Se ha intentado autentica al usuario bloqueado [root]
27-Nov-2021 11:08:36.448 ADVERTENCIA [http-nio-8080-exec-6] org.apache.catalina.realm.LockOutRealm.filterLockedAccounts Se ha intentado autentica al usuario bloqueado [root]
27-Nov-2021 11:08:37.320 ADVERTENCIA [http-nio-8080-exec-7] org.apache.catalina.realm.LockOutRealm.filterLockedAccounts Se ha intentado autentica al usuario bloqueado [root]
27-Nov-2021 11:08:37.772 ADVERTENCIA [http-nio-8080-exec-1] org.apache.catalina.realm.LockOutRealm.filterLockedAccounts Se ha intentado autentica al usuario bloqueado [root]
27-Nov-2021 11:12:36.076 ADVERTENCIA [http-nio-8080-exec-8] org.apache.catalina.realm.LockOutRealm.filterLockedAccounts Se ha intentado autentica al usuario bloqueado [root]
27-Nov-2021 11:12:36.703 ADVERTENCIA [http-nio-8080-exec-4] org.apache.catalina.realm.LockOutRealm.filterLockedAccounts Se ha intentado autentica al usuario bloqueado [root]
27-Nov-2021 11:12:41.866 ADVERTENCIA [http-nio-8080-exec-2] org.apache.catalina.realm.LockOutRealm.filterLockedAccounts Se ha intentado autentica al usuario bloqueado [root]
27-Nov-2021 11:12:43.639 ADVERTENCIA [http-nio-8080-exec-10] org.apache.catalina.realm.LockOutRealm.filterLockedAccounts Se ha intentado autentica al usuario bloqueado [root]
27-Nov-2021 11:12:44.053 ADVERTENCIA [http-nio-8080-exec-9] org.apache.catalina.realm.LockOutRealm.filterLockedAccounts Se ha intentado autentica al usuario bloqueado [root]
27-Nov-2021 11:12:44.178 ADVERTENCIA [http-nio-8080-exec-8] org.apache.catalina.realm.LockOutRealm.filterLockedAccounts Se ha intentado autentica al usuario bloqueado [root]
27-Nov-2021 11:12:44.350 ADVERTENCIA [http-nio-8080-exec-4] org.apache.catalina.realm.LockOutRealm.filterLockedAccounts Se ha intentado autentica al usuario bloqueado [root]
27-Nov-2021 11:12:44.517 ADVERTENCIA [http-nio-8080-exec-10] org.apache.catalina.realm.LockOutRealm.filterLockedAccounts Se ha intentado autentica al usuario bloqueado [root]
27-Nov-2021 11:12:44.663 ADVERTENCIA [http-nio-8080-exec-9] org.apache.catalina.realm.LockOutRealm.filterLockedAccounts Se ha intentado autentica al usuario bloqueado [root]
27-Nov-2021 11:12:44.964 ADVERTENCIA [http-nio-8080-exec-8] org.apache.catalina.realm.LockOutRealm.filterLockedAccounts Se ha intentado autentica al usuario bloqueado [root]
27-Nov-2021 11:12:45.177 ADVERTENCIA [http-nio-8080-exec-4] org.apache.catalina.realm.LockOutRealm.filterLockedAccounts Se ha intentado autentica al usuario bloqueado [root]
27-Nov-2021 11:12:45.315 ADVERTENCIA [http-nio-8080-exec-2] org.apache.catalina.realm.LockOutRealm.filterLockedAccounts Se ha intentado autentica al usuario bloqueado [root]
27-Nov-2021 11:12:45.492 ADVERTENCIA [http-nio-8080-exec-10] org.apache.catalina.realm.LockOutRealm.filterLockedAccounts Se ha intentado autentica al usuario bloqueado [root]
27-Nov-2021 11:12:45.666 ADVERTENCIA [http-nio-8080-exec-9] org.apache.catalina.realm.LockOutRealm.filterLockedAccounts Se ha intentado autentica al usuario bloqueado [root]
27-Nov-2021 11:12:45.871 ADVERTENCIA [http-nio-8080-exec-8] org.apache.catalina.realm.LockOutRealm.filterLockedAccounts Se ha intentado autentica al usuario bloqueado [root]
27-Nov-2021 11:12:46.038 ADVERTENCIA [http-nio-8080-exec-4] org.apache.catalina.realm.LockOutRealm.filterLockedAccounts Se ha intentado autentica al usuario bloqueado [root]
27-Nov-2021 11:12:46.202 ADVERTENCIA [http-nio-8080-exec-2] org.apache.catalina.realm.LockOutRealm.filterLockedAccounts Se ha intentado autentica al usuario bloqueado [root]
27-Nov-2021 11:14:39.209 ADVERTENCIA [http-nio-8080-exec-6] org.apache.catalina.realm.LockOutRealm.filterLockedAccounts Se ha intentado autentica al usuario bloqueado [root]
27-Nov-2021 11:14:39.274 ADVERTENCIA [http-nio-8080-exec-1] org.apache.catalina.realm.LockOutRealm.filterLockedAccounts Se ha intentado autentica al usuario bloqueado [root]
27-Nov-2021 11:14:39.389 ADVERTENCIA [http-nio-8080-exec-5] org.apache.catalina.realm.LockOutRealm.filterLockedAccounts Se ha intentado autentica al usuario bloqueado [root]
27-Nov-2021 11:14:39.913 INFORMACIÓN [http-nio-8080-exec-3] org.apache.catalina.startup.HostConfig.deployDescriptor Desplieque del descriptor de configuración [C:\Proy-Ciclo4-grupo1-e-learning\Proy-Ciclo4-grupo1-e-learning\BackEnd\servidor\conf\Catalina\localhost\e-learning.xml]
27-Nov-2021 11:14:40.005 ADVERTENCIA [http-nio-8080-exec-3] org.apache.catalina.startup.HostConfig.deployDescriptor The path attribute with value [/e-learning] in deployment descriptor [C:\Proy-Ciclo4-grupo1-e-learning\Proy-Ciclo4-grupo1-e-learning\BackEnd\servidor\conf\Catalina\localhost\e-learning.xml] has been ignored
27-Nov-2021 11:14:43.780 INFORMACIÓN [http-nio-8080-exec-3] org.apache.jasper.servlet.TldScanner.scanJars Al menos un JAR, que se ha explorado buscando TLDs, aún no contenía TLDs. Activar historial de depuración para este historiador para una completa lista de los JARs que fueron explorados y de los que nos se halló TLDs. Saltarse JARs no necesarios durante la exploración puede dar lugar a una mejora de tiempo significativa en el arranque y compilación de JSP .
27-Nov-2021 11:14:43.944 INFORMACIÓN [http-nio-8080-exec-3] org.apache.catalina.startup.HostConfig.deployDescriptor Deployment of deployment descriptor [C:\Proy-Ciclo4-grupo1-e-learning\Proy-Ciclo4-grupo1-e-learning\BackEnd\servidor\conf\Catalina\localhost\e-learning.xml] has finished in [3.990] ms
27-Nov-2021 11:14:43.951 ADVERTENCIA [http-nio-8080-exec-4] org.apache.catalina.realm.LockOutRealm.filterLockedAccounts Se ha intentado autentica al usuario bloqueado [root]
27-Nov-2021 11:14:43.957 INFORMACIÓN [http-nio-8080-exec-6] org.apache.catalina.util.LifecycleBase.start The start() method was called on component [StandardEngine[Catalina].StandardHost[localhost].StandardContext[/e-learning]] after start() had already been called. The second call will be ignored.
27-Nov-2021 11:22:17.778 INFORMACIÓN [http-nio-8080-exec-7] org.apache.catalina.core.StandardContext.reload Ha comenzado la recarga de Contexto [/e-learning]
27-Nov-2021 11:22:21.551 INFORMACIÓN [24] org.apache.jasper.servlet.TldScanner.scanJars Al menos un JAR, que se ha explorado buscando TLDs, aún no contenía TLDs. Activar historial de depuración para este historiador para una completa lista de los JARs que fueron explorados y de los que nos se halló TLDs. Saltarse JARs no necesarios durante la exploración puede dar lugar a una mejora de tiempo significativa en el arranque y compilación de JSP .
27-Nov-2021 11:22:21.567 INFORMACIÓN [24] org.apache.catalina.core.StandardContext.reload Se ha completado la recarga de este Contexto
27-Nov-2021 11:22:23.492 INFORMACIÓN [http-nio-8080-exec-1] org.apache.catalina.core.StandardContext.reload Ha comenzado la recarga de Contexto [/e-learning]
27-Nov-2021 11:22:25.272 INFORMACIÓN [http-nio-8080-exec-1] org.apache.jasper.servlet.TldScanner.scanJars Al menos un JAR, que se ha explorado buscando TLDs, aún no contenía TLDs. Activar historial de depuración para este historiador para una completa lista de los JARs que fueron explorados y de los que nos se halló TLDs. Saltarse JARs no necesarios durante la exploración puede dar lugar a una mejora de tiempo significativa en el arranque y compilación de JSP .
27-Nov-2021 11:22:25.300 INFORMACIÓN [http-nio-8080-exec-1] org.apache.catalina.core.StandardContext.reload Se ha completado la recarga de este Contexto
27-Nov-2021 11:23:39.536 INFORMACIÓN [http-nio-8080-exec-14] org.apache.catalina.core.StandardContext.reload Ha comenzado la recarga de Contexto [/e-learning]
27-Nov-2021 11:23:41.064 INFORMACIÓN [http-nio-8080-exec-14] org.apache.jasper.servlet.TldScanner.scanJars Al menos un JAR, que se ha explorado buscando TLDs, aún no contenía TLDs. Activar historial de depuración para este historiador para una completa lista de los JARs que fueron explorados y de los que nos se halló TLDs. Saltarse JARs no necesarios durante la exploración puede dar lugar a una mejora de tiempo significativa en el arranque y compilación de JSP .
27-Nov-2021 11:23:41.069 INFORMACIÓN [http-nio-8080-exec-14] org.apache.catalina.core.StandardContext.reload Se ha completado la recarga de este Contexto
27-Nov-2021 11:24:15.167 INFORMACIÓN [http-nio-8080-exec-21] org.apache.catalina.core.StandardContext.reload Ha comenzado la recarga de Contexto [/e-learning]
27-Nov-2021 11:24:17.556 INFORMACIÓN [http-nio-8080-exec-21] org.apache.jasper.servlet.TldScanner.scanJars Al menos un JAR, que se ha explorado buscando TLDs, aún no contenía TLDs. Activar historial de depuración para este historiador para una completa lista de los JARs que fueron explorados y de los que nos se halló TLDs. Saltarse JARs no necesarios durante la exploración puede dar lugar a una mejora de tiempo significativa en el arranque y compilación de JSP .
27-Nov-2021 11:24:17.561 INFORMACIÓN [http-nio-8080-exec-21] org.apache.catalina.core.StandardContext.reload Se ha completado la recarga de este Contexto
27-Nov-2021 11:24:17.972 INFORMACIÓN [http-nio-8080-exec-8] org.apache.catalina.core.StandardContext.reload Ha comenzado la recarga de Contexto [/e-learning]
27-Nov-2021 11:24:19.541 INFORMACIÓN [http-nio-8080-exec-8] org.apache.jasper.servlet.TldScanner.scanJars Al menos un JAR, que se ha explorado buscando TLDs, aún no contenía TLDs. Activar historial de depuración para este historiador para una completa lista de los JARs que fueron explorados y de los que nos se halló TLDs. Saltarse JARs no necesarios durante la exploración puede dar lugar a una mejora de tiempo significativa en el arranque y compilación de JSP .
27-Nov-2021 11:24:19.547 INFORMACIÓN [http-nio-8080-exec-8] org.apache.catalina.core.StandardContext.reload Se ha completado la recarga de este Contexto
27-Nov-2021 12:46:09.912 INFORMACIÓN [http-nio-8080-exec-35] org.apache.catalina.core.StandardContext.reload Ha comenzado la recarga de Contexto [/e-learning]
27-Nov-2021 12:46:21.543 INFORMACIÓN [http-nio-8080-exec-35] org.apache.jasper.servlet.TldScanner.scanJars Al menos un JAR, que se ha explorado buscando TLDs, aún no contenía TLDs. Activar historial de depuración para este historiador para una completa lista de los JARs que fueron explorados y de los que nos se halló TLDs. Saltarse JARs no necesarios durante la exploración puede dar lugar a una mejora de tiempo significativa en el arranque y compilación de JSP .
27-Nov-2021 12:46:21.632 INFORMACIÓN [http-nio-8080-exec-35] org.apache.catalina.core.StandardContext.reload Se ha completado la recarga de este Contexto
27-Nov-2021 12:55:02.586 INFORMACIÓN [http-nio-8080-exec-39] org.apache.catalina.core.StandardContext.reload Ha comenzado la recarga de Contexto [/e-learning]
27-Nov-2021 12:55:05.043 INFORMACIÓN [86] org.apache.jasper.servlet.TldScanner.scanJars Al menos un JAR, que se ha explorado buscando TLDs, aún no contenía TLDs. Activar historial de depuración para este historiador para una completa lista de los JARs que fueron explorados y de los que nos se halló TLDs. Saltarse JARs no necesarios durante la exploración puede dar lugar a una mejora de tiempo significativa en el arranque y compilación de JSP .
27-Nov-2021 12:55:05.050 INFORMACIÓN [86] org.apache.catalina.core.StandardContext.reload Se ha completado la recarga de este Contexto
27-Nov-2021 12:58:40.346 INFORMACIÓN [http-nio-8080-exec-49] org.apache.catalina.core.StandardContext.reload Ha comenzado la recarga de Contexto [/e-learning]
27-Nov-2021 12:58:42.575 INFORMACIÓN [http-nio-8080-exec-49] org.apache.jasper.servlet.TldScanner.scanJars Al menos un JAR, que se ha explorado buscando TLDs, aún no contenía TLDs. Activar historial de depuración para este historiador para una completa lista de los JARs que fueron explorados y de los que nos se halló TLDs. Saltarse JARs no necesarios durante la exploración puede dar lugar a una mejora de tiempo significativa en el arranque y compilación de JSP .
27-Nov-2021 12:58:42.582 INFORMACIÓN [http-nio-8080-exec-49] org.apache.catalina.core.StandardContext.reload Se ha completado la recarga de este Contexto
27-Nov-2021 13:01:51.807 INFORMACIÓN [http-nio-8080-exec-58] org.apache.catalina.core.StandardContext.reload Ha comenzado la recarga de Contexto [/e-learning]
27-Nov-2021 13:01:53.875 INFORMACIÓN [http-nio-8080-exec-58] org.apache.jasper.servlet.TldScanner.scanJars Al menos un JAR, que se ha explorado buscando TLDs, aún no contenía TLDs. Activar historial de depuración para este historiador para una completa lista de los JARs que fueron explorados y de los que nos se halló TLDs. Saltarse JARs no necesarios durante la exploración puede dar lugar a una mejora de tiempo significativa en el arranque y compilación de JSP .
27-Nov-2021 13:01:53.882 INFORMACIÓN [http-nio-8080-exec-58] org.apache.catalina.core.StandardContext.reload Se ha completado la recarga de este Contexto
27-Nov-2021 13:04:51.384 INFORMACIÓN [http-nio-8080-exec-71] org.apache.catalina.core.StandardContext.reload Ha comenzado la recarga de Contexto [/e-learning]
27-Nov-2021 13:04:52.768 INFORMACIÓN [http-nio-8080-exec-71] org.apache.jasper.servlet.TldScanner.scanJars Al menos un JAR, que se ha explorado buscando TLDs, aún no contenía TLDs. Activar historial de depuración para este historiador para una completa lista de los JARs que fueron explorados y de los que nos se halló TLDs. Saltarse JARs no necesarios durante la exploración puede dar lugar a una mejora de tiempo significativa en el arranque y compilación de JSP .
27-Nov-2021 13:04:52.772 INFORMACIÓN [http-nio-8080-exec-71] org.apache.catalina.core.StandardContext.reload Se ha completado la recarga de este Contexto
27-Nov-2021 13:05:18.635 INFORMACIÓN [http-nio-8080-exec-76] org.apache.catalina.core.StandardContext.reload Ha comenzado la recarga de Contexto [/e-learning]
27-Nov-2021 13:05:20.188 INFORMACIÓN [http-nio-8080-exec-76] org.apache.jasper.servlet.TldScanner.scanJars Al menos un JAR, que se ha explorado buscando TLDs, aún no contenía TLDs. Activar historial de depuración para este historiador para una completa lista de los JARs que fueron explorados y de los que nos se halló TLDs. Saltarse JARs no necesarios durante la exploración puede dar lugar a una mejora de tiempo significativa en el arranque y compilación de JSP .
27-Nov-2021 13:05:20.192 INFORMACIÓN [http-nio-8080-exec-76] org.apache.catalina.core.StandardContext.reload Se ha completado la recarga de este Contexto
27-Nov-2021 13:15:02.096 INFORMACIÓN [http-nio-8080-exec-83] org.apache.catalina.core.StandardContext.reload Ha comenzado la recarga de Contexto [/e-learning]
27-Nov-2021 13:15:03.455 INFORMACIÓN [http-nio-8080-exec-83] org.apache.jasper.servlet.TldScanner.scanJars Al menos un JAR, que se ha explorado buscando TLDs, aún no contenía TLDs. Activar historial de depuración para este historiador para una completa lista de los JARs que fueron explorados y de los que nos se halló TLDs. Saltarse JARs no necesarios durante la exploración puede dar lugar a una mejora de tiempo significativa en el arranque y compilación de JSP .
27-Nov-2021 13:15:03.459 INFORMACIÓN [http-nio-8080-exec-83] org.apache.catalina.core.StandardContext.reload Se ha completado la recarga de este Contexto
27-Nov-2021 13:17:54.821 INFORMACIÓN [http-nio-8080-exec-92] org.apache.catalina.startup.HostConfig.undeploy Repliegue (undeploy) de la aplicación web que tiene como trayectoria de contexto [/e-learning]
27-Nov-2021 13:17:54.982 INFORMACIÓN [http-nio-8080-exec-91] org.apache.catalina.startup.HostConfig.deployDescriptor Desplieque del descriptor de configuración [C:\Proy-Ciclo4-grupo1-e-learning\Proy-Ciclo4-grupo1-e-learning\BackEnd\servidor\conf\Catalina\localhost\e-learning.xml]
27-Nov-2021 13:17:55.111 ADVERTENCIA [http-nio-8080-exec-91] org.apache.catalina.startup.HostConfig.deployDescriptor The path attribute with value [/e-learning/api] in deployment descriptor [C:\Proy-Ciclo4-grupo1-e-learning\Proy-Ciclo4-grupo1-e-learning\BackEnd\servidor\conf\Catalina\localhost\e-learning.xml] has been ignored
27-Nov-2021 13:17:56.580 INFORMACIÓN [http-nio-8080-exec-91] org.apache.jasper.servlet.TldScanner.scanJars Al menos un JAR, que se ha explorado buscando TLDs, aún no contenía TLDs. Activar historial de depuración para este historiador para una completa lista de los JARs que fueron explorados y de los que nos se halló TLDs. Saltarse JARs no necesarios durante la exploración puede dar lugar a una mejora de tiempo significativa en el arranque y compilación de JSP .
27-Nov-2021 13:17:56.616 INFORMACIÓN [http-nio-8080-exec-91] org.apache.catalina.startup.HostConfig.deployDescriptor Deployment of deployment descriptor [C:\Proy-Ciclo4-grupo1-e-learning\Proy-Ciclo4-grupo1-e-learning\BackEnd\servidor\conf\Catalina\localhost\e-learning.xml] has finished in [1.604] ms
27-Nov-2021 13:18:49.937 INFORMACIÓN [http-nio-8080-exec-99] org.apache.catalina.startup.HostConfig.undeploy Repliegue (undeploy) de la aplicación web que tiene como trayectoria de contexto [/e-learning]
27-Nov-2021 13:18:50.817 INFORMACIÓN [http-nio-8080-exec-102] org.apache.catalina.startup.HostConfig.deployDescriptor Desplieque del descriptor de configuración [C:\Proy-Ciclo4-grupo1-e-learning\Proy-Ciclo4-grupo1-e-learning\BackEnd\servidor\conf\Catalina\localhost\e-learning.xml]
27-Nov-2021 13:18:50.820 ADVERTENCIA [http-nio-8080-exec-102] org.apache.catalina.startup.HostConfig.deployDescriptor The path attribute with value [/e-learning] in deployment descriptor [C:\Proy-Ciclo4-grupo1-e-learning\Proy-Ciclo4-grupo1-e-learning\BackEnd\servidor\conf\Catalina\localhost\e-learning.xml] has been ignored
27-Nov-2021 13:19:01.609 INFORMACIÓN [http-nio-8080-exec-102] org.apache.jasper.servlet.TldScanner.scanJars Al menos un JAR, que se ha explorado buscando TLDs, aún no contenía TLDs. Activar historial de depuración para este historiador para una completa lista de los JARs que fueron explorados y de los que nos se halló TLDs. Saltarse JARs no necesarios durante la exploración puede dar lugar a una mejora de tiempo significativa en el arranque y compilación de JSP .
27-Nov-2021 13:19:01.615 INFORMACIÓN [http-nio-8080-exec-102] org.apache.catalina.startup.HostConfig.deployDescriptor Deployment of deployment descriptor [C:\Proy-Ciclo4-grupo1-e-learning\Proy-Ciclo4-grupo1-e-learning\BackEnd\servidor\conf\Catalina\localhost\e-learning.xml] has finished in [10.797] ms
27-Nov-2021 13:36:52.632 INFORMACIÓN [http-nio-8080-exec-111] org.apache.catalina.core.StandardContext.reload Ha comenzado la recarga de Contexto [/e-learning]
27-Nov-2021 13:36:54.737 INFORMACIÓN [http-nio-8080-exec-111] org.apache.jasper.servlet.TldScanner.scanJars Al menos un JAR, que se ha explorado buscando TLDs, aún no contenía TLDs. Activar historial de depuración para este historiador para una completa lista de los JARs que fueron explorados y de los que nos se halló TLDs. Saltarse JARs no necesarios durante la exploración puede dar lugar a una mejora de tiempo significativa en el arranque y compilación de JSP .
27-Nov-2021 13:36:54.777 INFORMACIÓN [http-nio-8080-exec-111] org.apache.catalina.core.StandardContext.reload Se ha completado la recarga de este Contexto
27-Nov-2021 13:36:54.821 INFORMACIÓN [http-nio-8080-exec-108] org.apache.catalina.core.StandardContext.reload Ha comenzado la recarga de Contexto [/e-learning]
27-Nov-2021 13:36:56.495 INFORMACIÓN [http-nio-8080-exec-108] org.apache.jasper.servlet.TldScanner.scanJars Al menos un JAR, que se ha explorado buscando TLDs, aún no contenía TLDs. Activar historial de depuración para este historiador para una completa lista de los JARs que fueron explorados y de los que nos se halló TLDs. Saltarse JARs no necesarios durante la exploración puede dar lugar a una mejora de tiempo significativa en el arranque y compilación de JSP .
27-Nov-2021 13:36:56.502 INFORMACIÓN [http-nio-8080-exec-108] org.apache.catalina.core.StandardContext.reload Se ha completado la recarga de este Contexto
