26-Nov-2021 16:11:01.751 INFORMACIÓN [main] org.apache.catalina.startup.VersionLoggerListener.log Server version:        Apache Tomcat/9.0.8
26-Nov-2021 16:11:01.795 INFORMACIÓN [main] org.apache.catalina.startup.VersionLoggerListener.log Server built:          Apr 27 2018 19:32:00 UTC
26-Nov-2021 16:11:01.795 INFORMACIÓN [main] org.apache.catalina.startup.VersionLoggerListener.log Server number:         9.0.8.0
26-Nov-2021 16:11:01.802 INFORMACIÓN [main] org.apache.catalina.startup.VersionLoggerListener.log OS Name:               Windows 10
26-Nov-2021 16:11:01.802 INFORMACIÓN [main] org.apache.catalina.startup.VersionLoggerListener.log OS Version:            10.0
26-Nov-2021 16:11:01.803 INFORMACIÓN [main] org.apache.catalina.startup.VersionLoggerListener.log Architecture:          amd64
26-Nov-2021 16:11:01.803 INFORMACIÓN [main] org.apache.catalina.startup.VersionLoggerListener.log Java Home:             C:\Program Files\Java\jdk1.8.0_111\jre
26-Nov-2021 16:11:01.804 INFORMACIÓN [main] org.apache.catalina.startup.VersionLoggerListener.log JVM Version:           1.8.0_111-b14
26-Nov-2021 16:11:01.804 INFORMACIÓN [main] org.apache.catalina.startup.VersionLoggerListener.log JVM Vendor:            Oracle Corporation
26-Nov-2021 16:11:01.804 INFORMACIÓN [main] org.apache.catalina.startup.VersionLoggerListener.log CATALINA_BASE:         C:\Proy-Ciclo4-grupo1-e-learning\Proy-Ciclo4-grupo1-e-learning\BackEnd\servidor
26-Nov-2021 16:11:01.805 INFORMACIÓN [main] org.apache.catalina.startup.VersionLoggerListener.log CATALINA_HOME:         C:\Proy-Ciclo4-grupo1-e-learning\Proy-Ciclo4-grupo1-e-learning\BackEnd\servidor
26-Nov-2021 16:11:01.806 INFORMACIÓN [main] org.apache.catalina.startup.VersionLoggerListener.log Command line argument: -Djava.util.logging.config.file=C:\Proy-Ciclo4-grupo1-e-learning\Proy-Ciclo4-grupo1-e-learning\BackEnd\servidor\conf\logging.properties
26-Nov-2021 16:11:01.806 INFORMACIÓN [main] org.apache.catalina.startup.VersionLoggerListener.log Command line argument: -Djava.util.logging.manager=org.apache.juli.ClassLoaderLogManager
26-Nov-2021 16:11:01.807 INFORMACIÓN [main] org.apache.catalina.startup.VersionLoggerListener.log Command line argument: -Dhttp.nonProxyHosts=localhost|127.0.0.1|DESKTOP-G9O3GBB
26-Nov-2021 16:11:01.807 INFORMACIÓN [main] org.apache.catalina.startup.VersionLoggerListener.log Command line argument: -Djdk.tls.ephemeralDHKeySize=2048
26-Nov-2021 16:11:01.807 INFORMACIÓN [main] org.apache.catalina.startup.VersionLoggerListener.log Command line argument: -Djava.protocol.handler.pkgs=org.apache.catalina.webresources
26-Nov-2021 16:11:01.808 INFORMACIÓN [main] org.apache.catalina.startup.VersionLoggerListener.log Command line argument: -Dignore.endorsed.dirs=
26-Nov-2021 16:11:01.808 INFORMACIÓN [main] org.apache.catalina.startup.VersionLoggerListener.log Command line argument: -Dcatalina.base=C:\Proy-Ciclo4-grupo1-e-learning\Proy-Ciclo4-grupo1-e-learning\BackEnd\servidor
26-Nov-2021 16:11:01.808 INFORMACIÓN [main] org.apache.catalina.startup.VersionLoggerListener.log Command line argument: -Dcatalina.home=C:\Proy-Ciclo4-grupo1-e-learning\Proy-Ciclo4-grupo1-e-learning\BackEnd\servidor
26-Nov-2021 16:11:01.808 INFORMACIÓN [main] org.apache.catalina.startup.VersionLoggerListener.log Command line argument: -Djava.io.tmpdir=C:\Proy-Ciclo4-grupo1-e-learning\Proy-Ciclo4-grupo1-e-learning\BackEnd\servidor\temp
26-Nov-2021 16:11:01.809 INFORMACIÓN [main] org.apache.catalina.core.AprLifecycleListener.lifecycleEvent Cargada la biblioteca nativa APR de Apache Tomcat [1.2.16] con la versión APR [1.6.3].
26-Nov-2021 16:11:01.809 INFORMACIÓN [main] org.apache.catalina.core.AprLifecycleListener.lifecycleEvent Capacidades APR: IPv6 [true], enviar fichero [true], aceptar filtros [false], aleatorio [true].
26-Nov-2021 16:11:01.809 INFORMACIÓN [main] org.apache.catalina.core.AprLifecycleListener.lifecycleEvent APR/OpenSSL configuration: useAprConnector [false], useOpenSSL [true]
26-Nov-2021 16:11:03.195 INFORMACIÓN [main] org.apache.catalina.core.AprLifecycleListener.initializeSSL OpenSSL inicializado correctamente [OpenSSL 1.0.2m  2 Nov 2017]
26-Nov-2021 16:11:04.529 INFORMACIÓN [main] org.apache.coyote.AbstractProtocol.init Initializing ProtocolHandler ["http-nio-8080"]
26-Nov-2021 16:11:06.000 INFORMACIÓN [main] org.apache.tomcat.util.net.NioSelectorPool.getSharedSelector Using a shared selector for servlet write/read
26-Nov-2021 16:11:06.055 INFORMACIÓN [main] org.apache.coyote.AbstractProtocol.init Initializing ProtocolHandler ["ajp-nio-8009"]
26-Nov-2021 16:11:06.063 INFORMACIÓN [main] org.apache.tomcat.util.net.NioSelectorPool.getSharedSelector Using a shared selector for servlet write/read
26-Nov-2021 16:11:06.064 INFORMACIÓN [main] org.apache.catalina.startup.Catalina.load Initialization processed in 9087 ms
26-Nov-2021 16:11:06.269 INFORMACIÓN [main] org.apache.catalina.core.StandardService.startInternal Arrancando servicio [Catalina]
26-Nov-2021 16:11:06.270 INFORMACIÓN [main] org.apache.catalina.core.StandardEngine.startInternal Starting Servlet Engine: Apache Tomcat/9.0.8
26-Nov-2021 16:11:06.339 INFORMACIÓN [main] org.apache.catalina.startup.HostConfig.deployDescriptor Desplieque del descriptor de configuración [C:\Proy-Ciclo4-grupo1-e-learning\Proy-Ciclo4-grupo1-e-learning\BackEnd\servidor\conf\Catalina\localhost\DemoUIS.xml]
26-Nov-2021 16:11:06.521 ADVERTENCIA [main] org.apache.catalina.startup.HostConfig.deployDescriptor The path attribute with value [/DemoUIS] in deployment descriptor [C:\Proy-Ciclo4-grupo1-e-learning\Proy-Ciclo4-grupo1-e-learning\BackEnd\servidor\conf\Catalina\localhost\DemoUIS.xml] has been ignored
26-Nov-2021 16:11:06.797 GRAVE [main] org.apache.catalina.core.ContainerBase.addChildInternal ContainerBase.addChild: start: 
 org.apache.catalina.LifecycleException: Failed to start component [org.apache.catalina.webresources.StandardRoot@7a3d45bd]
	at org.apache.catalina.util.LifecycleBase.handleSubClassException(LifecycleBase.java:441)
	at org.apache.catalina.util.LifecycleBase.start(LifecycleBase.java:198)
	at org.apache.catalina.core.StandardContext.resourcesStart(StandardContext.java:4742)
	at org.apache.catalina.core.StandardContext.startInternal(StandardContext.java:4877)
	at org.apache.catalina.util.LifecycleBase.start(LifecycleBase.java:183)
	at org.apache.catalina.core.ContainerBase.addChildInternal(ContainerBase.java:742)
	at org.apache.catalina.core.ContainerBase.addChild(ContainerBase.java:718)
	at org.apache.catalina.core.StandardHost.addChild(StandardHost.java:703)
	at org.apache.catalina.startup.HostConfig.deployDescriptor(HostConfig.java:630)
	at org.apache.catalina.startup.HostConfig$DeployDescriptor.run(HostConfig.java:1840)
	at java.util.concurrent.Executors$RunnableAdapter.call(Executors.java:511)
	at java.util.concurrent.FutureTask.run(FutureTask.java:266)
	at org.apache.tomcat.util.threads.InlineExecutorService.execute(InlineExecutorService.java:75)
	at java.util.concurrent.AbstractExecutorService.submit(AbstractExecutorService.java:112)
	at org.apache.catalina.startup.HostConfig.deployDescriptors(HostConfig.java:525)
	at org.apache.catalina.startup.HostConfig.deployApps(HostConfig.java:424)
	at org.apache.catalina.startup.HostConfig.start(HostConfig.java:1585)
	at org.apache.catalina.startup.HostConfig.lifecycleEvent(HostConfig.java:308)
	at org.apache.catalina.util.LifecycleBase.fireLifecycleEvent(LifecycleBase.java:123)
	at org.apache.catalina.util.LifecycleBase.setStateInternal(LifecycleBase.java:424)
	at org.apache.catalina.util.LifecycleBase.setState(LifecycleBase.java:367)
	at org.apache.catalina.core.ContainerBase.startInternal(ContainerBase.java:966)
	at org.apache.catalina.core.StandardHost.startInternal(StandardHost.java:839)
	at org.apache.catalina.util.LifecycleBase.start(LifecycleBase.java:183)
	at org.apache.catalina.core.ContainerBase$StartChild.call(ContainerBase.java:1427)
	at org.apache.catalina.core.ContainerBase$StartChild.call(ContainerBase.java:1417)
	at java.util.concurrent.FutureTask.run(FutureTask.java:266)
	at org.apache.tomcat.util.threads.InlineExecutorService.execute(InlineExecutorService.java:75)
	at java.util.concurrent.AbstractExecutorService.submit(AbstractExecutorService.java:134)
	at org.apache.catalina.core.ContainerBase.startInternal(ContainerBase.java:943)
	at org.apache.catalina.core.StandardEngine.startInternal(StandardEngine.java:258)
	at org.apache.catalina.util.LifecycleBase.start(LifecycleBase.java:183)
	at org.apache.catalina.core.StandardService.startInternal(StandardService.java:422)
	at org.apache.catalina.util.LifecycleBase.start(LifecycleBase.java:183)
	at org.apache.catalina.core.StandardServer.startInternal(StandardServer.java:770)
	at org.apache.catalina.util.LifecycleBase.start(LifecycleBase.java:183)
	at org.apache.catalina.startup.Catalina.start(Catalina.java:682)
	at sun.reflect.NativeMethodAccessorImpl.invoke0(Native Method)
	at sun.reflect.NativeMethodAccessorImpl.invoke(NativeMethodAccessorImpl.java:62)
	at sun.reflect.DelegatingMethodAccessorImpl.invoke(DelegatingMethodAccessorImpl.java:43)
	at java.lang.reflect.Method.invoke(Method.java:498)
	at org.apache.catalina.startup.Bootstrap.start(Bootstrap.java:350)
	at org.apache.catalina.startup.Bootstrap.main(Bootstrap.java:492)
Caused by: java.lang.IllegalArgumentException: The main resource set specified [C:\Users\SENA\Documents\NetBeansProjects\DemoUIS\build\web] is not valid
	at org.apache.catalina.webresources.StandardRoot.createMainResourceSet(StandardRoot.java:749)
	at org.apache.catalina.webresources.StandardRoot.startInternal(StandardRoot.java:706)
	at org.apache.catalina.util.LifecycleBase.start(LifecycleBase.java:183)
	... 41 more

26-Nov-2021 16:11:06.810 GRAVE [main] org.apache.catalina.startup.HostConfig.deployDescriptor Error durante el despliegue del descriptor de configuración [C:\Proy-Ciclo4-grupo1-e-learning\Proy-Ciclo4-grupo1-e-learning\BackEnd\servidor\conf\Catalina\localhost\DemoUIS.xml]
 java.lang.IllegalStateException: ContainerBase.addChild: start: org.apache.catalina.LifecycleException: Failed to start component [org.apache.catalina.webresources.StandardRoot@7a3d45bd]
	at org.apache.catalina.core.ContainerBase.addChildInternal(ContainerBase.java:746)
	at org.apache.catalina.core.ContainerBase.addChild(ContainerBase.java:718)
	at org.apache.catalina.core.StandardHost.addChild(StandardHost.java:703)
	at org.apache.catalina.startup.HostConfig.deployDescriptor(HostConfig.java:630)
	at org.apache.catalina.startup.HostConfig$DeployDescriptor.run(HostConfig.java:1840)
	at java.util.concurrent.Executors$RunnableAdapter.call(Executors.java:511)
	at java.util.concurrent.FutureTask.run(FutureTask.java:266)
	at org.apache.tomcat.util.threads.InlineExecutorService.execute(InlineExecutorService.java:75)
	at java.util.concurrent.AbstractExecutorService.submit(AbstractExecutorService.java:112)
	at org.apache.catalina.startup.HostConfig.deployDescriptors(HostConfig.java:525)
	at org.apache.catalina.startup.HostConfig.deployApps(HostConfig.java:424)
	at org.apache.catalina.startup.HostConfig.start(HostConfig.java:1585)
	at org.apache.catalina.startup.HostConfig.lifecycleEvent(HostConfig.java:308)
	at org.apache.catalina.util.LifecycleBase.fireLifecycleEvent(LifecycleBase.java:123)
	at org.apache.catalina.util.LifecycleBase.setStateInternal(LifecycleBase.java:424)
	at org.apache.catalina.util.LifecycleBase.setState(LifecycleBase.java:367)
	at org.apache.catalina.core.ContainerBase.startInternal(ContainerBase.java:966)
	at org.apache.catalina.core.StandardHost.startInternal(StandardHost.java:839)
	at org.apache.catalina.util.LifecycleBase.start(LifecycleBase.java:183)
	at org.apache.catalina.core.ContainerBase$StartChild.call(ContainerBase.java:1427)
	at org.apache.catalina.core.ContainerBase$StartChild.call(ContainerBase.java:1417)
	at java.util.concurrent.FutureTask.run(FutureTask.java:266)
	at org.apache.tomcat.util.threads.InlineExecutorService.execute(InlineExecutorService.java:75)
	at java.util.concurrent.AbstractExecutorService.submit(AbstractExecutorService.java:134)
	at org.apache.catalina.core.ContainerBase.startInternal(ContainerBase.java:943)
	at org.apache.catalina.core.StandardEngine.startInternal(StandardEngine.java:258)
	at org.apache.catalina.util.LifecycleBase.start(LifecycleBase.java:183)
	at org.apache.catalina.core.StandardService.startInternal(StandardService.java:422)
	at org.apache.catalina.util.LifecycleBase.start(LifecycleBase.java:183)
	at org.apache.catalina.core.StandardServer.startInternal(StandardServer.java:770)
	at org.apache.catalina.util.LifecycleBase.start(LifecycleBase.java:183)
	at org.apache.catalina.startup.Catalina.start(Catalina.java:682)
	at sun.reflect.NativeMethodAccessorImpl.invoke0(Native Method)
	at sun.reflect.NativeMethodAccessorImpl.invoke(NativeMethodAccessorImpl.java:62)
	at sun.reflect.DelegatingMethodAccessorImpl.invoke(DelegatingMethodAccessorImpl.java:43)
	at java.lang.reflect.Method.invoke(Method.java:498)
	at org.apache.catalina.startup.Bootstrap.start(Bootstrap.java:350)
	at org.apache.catalina.startup.Bootstrap.main(Bootstrap.java:492)

26-Nov-2021 16:11:06.838 INFORMACIÓN [main] org.apache.catalina.startup.HostConfig.deployDescriptor Deployment of deployment descriptor [C:\Proy-Ciclo4-grupo1-e-learning\Proy-Ciclo4-grupo1-e-learning\BackEnd\servidor\conf\Catalina\localhost\DemoUIS.xml] has finished in [481] ms
26-Nov-2021 16:11:06.839 INFORMACIÓN [main] org.apache.catalina.startup.HostConfig.deployDescriptor Desplieque del descriptor de configuración [C:\Proy-Ciclo4-grupo1-e-learning\Proy-Ciclo4-grupo1-e-learning\BackEnd\servidor\conf\Catalina\localhost\restful.xml]
26-Nov-2021 16:11:06.842 ADVERTENCIA [main] org.apache.catalina.startup.HostConfig.deployDescriptor The path attribute with value [/restful] in deployment descriptor [C:\Proy-Ciclo4-grupo1-e-learning\Proy-Ciclo4-grupo1-e-learning\BackEnd\servidor\conf\Catalina\localhost\restful.xml] has been ignored
26-Nov-2021 16:11:06.877 GRAVE [main] org.apache.catalina.core.ContainerBase.addChildInternal ContainerBase.addChild: start: 
 org.apache.catalina.LifecycleException: Failed to start component [org.apache.catalina.webresources.StandardRoot@3aeaafa6]
	at org.apache.catalina.util.LifecycleBase.handleSubClassException(LifecycleBase.java:441)
	at org.apache.catalina.util.LifecycleBase.start(LifecycleBase.java:198)
	at org.apache.catalina.core.StandardContext.resourcesStart(StandardContext.java:4742)
	at org.apache.catalina.core.StandardContext.startInternal(StandardContext.java:4877)
	at org.apache.catalina.util.LifecycleBase.start(LifecycleBase.java:183)
	at org.apache.catalina.core.ContainerBase.addChildInternal(ContainerBase.java:742)
	at org.apache.catalina.core.ContainerBase.addChild(ContainerBase.java:718)
	at org.apache.catalina.core.StandardHost.addChild(StandardHost.java:703)
	at org.apache.catalina.startup.HostConfig.deployDescriptor(HostConfig.java:630)
	at org.apache.catalina.startup.HostConfig$DeployDescriptor.run(HostConfig.java:1840)
	at java.util.concurrent.Executors$RunnableAdapter.call(Executors.java:511)
	at java.util.concurrent.FutureTask.run(FutureTask.java:266)
	at org.apache.tomcat.util.threads.InlineExecutorService.execute(InlineExecutorService.java:75)
	at java.util.concurrent.AbstractExecutorService.submit(AbstractExecutorService.java:112)
	at org.apache.catalina.startup.HostConfig.deployDescriptors(HostConfig.java:525)
	at org.apache.catalina.startup.HostConfig.deployApps(HostConfig.java:424)
	at org.apache.catalina.startup.HostConfig.start(HostConfig.java:1585)
	at org.apache.catalina.startup.HostConfig.lifecycleEvent(HostConfig.java:308)
	at org.apache.catalina.util.LifecycleBase.fireLifecycleEvent(LifecycleBase.java:123)
	at org.apache.catalina.util.LifecycleBase.setStateInternal(LifecycleBase.java:424)
	at org.apache.catalina.util.LifecycleBase.setState(LifecycleBase.java:367)
	at org.apache.catalina.core.ContainerBase.startInternal(ContainerBase.java:966)
	at org.apache.catalina.core.StandardHost.startInternal(StandardHost.java:839)
	at org.apache.catalina.util.LifecycleBase.start(LifecycleBase.java:183)
	at org.apache.catalina.core.ContainerBase$StartChild.call(ContainerBase.java:1427)
	at org.apache.catalina.core.ContainerBase$StartChild.call(ContainerBase.java:1417)
	at java.util.concurrent.FutureTask.run(FutureTask.java:266)
	at org.apache.tomcat.util.threads.InlineExecutorService.execute(InlineExecutorService.java:75)
	at java.util.concurrent.AbstractExecutorService.submit(AbstractExecutorService.java:134)
	at org.apache.catalina.core.ContainerBase.startInternal(ContainerBase.java:943)
	at org.apache.catalina.core.StandardEngine.startInternal(StandardEngine.java:258)
	at org.apache.catalina.util.LifecycleBase.start(LifecycleBase.java:183)
	at org.apache.catalina.core.StandardService.startInternal(StandardService.java:422)
	at org.apache.catalina.util.LifecycleBase.start(LifecycleBase.java:183)
	at org.apache.catalina.core.StandardServer.startInternal(StandardServer.java:770)
	at org.apache.catalina.util.LifecycleBase.start(LifecycleBase.java:183)
	at org.apache.catalina.startup.Catalina.start(Catalina.java:682)
	at sun.reflect.NativeMethodAccessorImpl.invoke0(Native Method)
	at sun.reflect.NativeMethodAccessorImpl.invoke(NativeMethodAccessorImpl.java:62)
	at sun.reflect.DelegatingMethodAccessorImpl.invoke(DelegatingMethodAccessorImpl.java:43)
	at java.lang.reflect.Method.invoke(Method.java:498)
	at org.apache.catalina.startup.Bootstrap.start(Bootstrap.java:350)
	at org.apache.catalina.startup.Bootstrap.main(Bootstrap.java:492)
Caused by: java.lang.IllegalArgumentException: The main resource set specified [C:\Users\SENA\Documents\NetBeansProjects\restful\target\restful-1.0] is not valid
	at org.apache.catalina.webresources.StandardRoot.createMainResourceSet(StandardRoot.java:749)
	at org.apache.catalina.webresources.StandardRoot.startInternal(StandardRoot.java:706)
	at org.apache.catalina.util.LifecycleBase.start(LifecycleBase.java:183)
	... 41 more

26-Nov-2021 16:11:07.678 GRAVE [main] org.apache.catalina.startup.HostConfig.deployDescriptor Error durante el despliegue del descriptor de configuración [C:\Proy-Ciclo4-grupo1-e-learning\Proy-Ciclo4-grupo1-e-learning\BackEnd\servidor\conf\Catalina\localhost\restful.xml]
 java.lang.IllegalStateException: ContainerBase.addChild: start: org.apache.catalina.LifecycleException: Failed to start component [org.apache.catalina.webresources.StandardRoot@3aeaafa6]
	at org.apache.catalina.core.ContainerBase.addChildInternal(ContainerBase.java:746)
	at org.apache.catalina.core.ContainerBase.addChild(ContainerBase.java:718)
	at org.apache.catalina.core.StandardHost.addChild(StandardHost.java:703)
	at org.apache.catalina.startup.HostConfig.deployDescriptor(HostConfig.java:630)
	at org.apache.catalina.startup.HostConfig$DeployDescriptor.run(HostConfig.java:1840)
	at java.util.concurrent.Executors$RunnableAdapter.call(Executors.java:511)
	at java.util.concurrent.FutureTask.run(FutureTask.java:266)
	at org.apache.tomcat.util.threads.InlineExecutorService.execute(InlineExecutorService.java:75)
	at java.util.concurrent.AbstractExecutorService.submit(AbstractExecutorService.java:112)
	at org.apache.catalina.startup.HostConfig.deployDescriptors(HostConfig.java:525)
	at org.apache.catalina.startup.HostConfig.deployApps(HostConfig.java:424)
	at org.apache.catalina.startup.HostConfig.start(HostConfig.java:1585)
	at org.apache.catalina.startup.HostConfig.lifecycleEvent(HostConfig.java:308)
	at org.apache.catalina.util.LifecycleBase.fireLifecycleEvent(LifecycleBase.java:123)
	at org.apache.catalina.util.LifecycleBase.setStateInternal(LifecycleBase.java:424)
	at org.apache.catalina.util.LifecycleBase.setState(LifecycleBase.java:367)
	at org.apache.catalina.core.ContainerBase.startInternal(ContainerBase.java:966)
	at org.apache.catalina.core.StandardHost.startInternal(StandardHost.java:839)
	at org.apache.catalina.util.LifecycleBase.start(LifecycleBase.java:183)
	at org.apache.catalina.core.ContainerBase$StartChild.call(ContainerBase.java:1427)
	at org.apache.catalina.core.ContainerBase$StartChild.call(ContainerBase.java:1417)
	at java.util.concurrent.FutureTask.run(FutureTask.java:266)
	at org.apache.tomcat.util.threads.InlineExecutorService.execute(InlineExecutorService.java:75)
	at java.util.concurrent.AbstractExecutorService.submit(AbstractExecutorService.java:134)
	at org.apache.catalina.core.ContainerBase.startInternal(ContainerBase.java:943)
	at org.apache.catalina.core.StandardEngine.startInternal(StandardEngine.java:258)
	at org.apache.catalina.util.LifecycleBase.start(LifecycleBase.java:183)
	at org.apache.catalina.core.StandardService.startInternal(StandardService.java:422)
	at org.apache.catalina.util.LifecycleBase.start(LifecycleBase.java:183)
	at org.apache.catalina.core.StandardServer.startInternal(StandardServer.java:770)
	at org.apache.catalina.util.LifecycleBase.start(LifecycleBase.java:183)
	at org.apache.catalina.startup.Catalina.start(Catalina.java:682)
	at sun.reflect.NativeMethodAccessorImpl.invoke0(Native Method)
	at sun.reflect.NativeMethodAccessorImpl.invoke(NativeMethodAccessorImpl.java:62)
	at sun.reflect.DelegatingMethodAccessorImpl.invoke(DelegatingMethodAccessorImpl.java:43)
	at java.lang.reflect.Method.invoke(Method.java:498)
	at org.apache.catalina.startup.Bootstrap.start(Bootstrap.java:350)
	at org.apache.catalina.startup.Bootstrap.main(Bootstrap.java:492)

26-Nov-2021 16:11:07.682 INFORMACIÓN [main] org.apache.catalina.startup.HostConfig.deployDescriptor Deployment of deployment descriptor [C:\Proy-Ciclo4-grupo1-e-learning\Proy-Ciclo4-grupo1-e-learning\BackEnd\servidor\conf\Catalina\localhost\restful.xml] has finished in [843] ms
26-Nov-2021 16:11:07.683 INFORMACIÓN [main] org.apache.catalina.startup.HostConfig.deployDescriptor Desplieque del descriptor de configuración [C:\Proy-Ciclo4-grupo1-e-learning\Proy-Ciclo4-grupo1-e-learning\BackEnd\servidor\conf\Catalina\localhost\sergio.xml]
26-Nov-2021 16:11:07.688 ADVERTENCIA [main] org.apache.catalina.startup.HostConfig.deployDescriptor The path attribute with value [/sergio] in deployment descriptor [C:\Proy-Ciclo4-grupo1-e-learning\Proy-Ciclo4-grupo1-e-learning\BackEnd\servidor\conf\Catalina\localhost\sergio.xml] has been ignored
26-Nov-2021 16:11:08.126 GRAVE [main] org.apache.catalina.core.ContainerBase.addChildInternal ContainerBase.addChild: start: 
 org.apache.catalina.LifecycleException: Failed to start component [org.apache.catalina.webresources.StandardRoot@6121c9d6]
	at org.apache.catalina.util.LifecycleBase.handleSubClassException(LifecycleBase.java:441)
	at org.apache.catalina.util.LifecycleBase.start(LifecycleBase.java:198)
	at org.apache.catalina.core.StandardContext.resourcesStart(StandardContext.java:4742)
	at org.apache.catalina.core.StandardContext.startInternal(StandardContext.java:4877)
	at org.apache.catalina.util.LifecycleBase.start(LifecycleBase.java:183)
	at org.apache.catalina.core.ContainerBase.addChildInternal(ContainerBase.java:742)
	at org.apache.catalina.core.ContainerBase.addChild(ContainerBase.java:718)
	at org.apache.catalina.core.StandardHost.addChild(StandardHost.java:703)
	at org.apache.catalina.startup.HostConfig.deployDescriptor(HostConfig.java:630)
	at org.apache.catalina.startup.HostConfig$DeployDescriptor.run(HostConfig.java:1840)
	at java.util.concurrent.Executors$RunnableAdapter.call(Executors.java:511)
	at java.util.concurrent.FutureTask.run(FutureTask.java:266)
	at org.apache.tomcat.util.threads.InlineExecutorService.execute(InlineExecutorService.java:75)
	at java.util.concurrent.AbstractExecutorService.submit(AbstractExecutorService.java:112)
	at org.apache.catalina.startup.HostConfig.deployDescriptors(HostConfig.java:525)
	at org.apache.catalina.startup.HostConfig.deployApps(HostConfig.java:424)
	at org.apache.catalina.startup.HostConfig.start(HostConfig.java:1585)
	at org.apache.catalina.startup.HostConfig.lifecycleEvent(HostConfig.java:308)
	at org.apache.catalina.util.LifecycleBase.fireLifecycleEvent(LifecycleBase.java:123)
	at org.apache.catalina.util.LifecycleBase.setStateInternal(LifecycleBase.java:424)
	at org.apache.catalina.util.LifecycleBase.setState(LifecycleBase.java:367)
	at org.apache.catalina.core.ContainerBase.startInternal(ContainerBase.java:966)
	at org.apache.catalina.core.StandardHost.startInternal(StandardHost.java:839)
	at org.apache.catalina.util.LifecycleBase.start(LifecycleBase.java:183)
	at org.apache.catalina.core.ContainerBase$StartChild.call(ContainerBase.java:1427)
	at org.apache.catalina.core.ContainerBase$StartChild.call(ContainerBase.java:1417)
	at java.util.concurrent.FutureTask.run(FutureTask.java:266)
	at org.apache.tomcat.util.threads.InlineExecutorService.execute(InlineExecutorService.java:75)
	at java.util.concurrent.AbstractExecutorService.submit(AbstractExecutorService.java:134)
	at org.apache.catalina.core.ContainerBase.startInternal(ContainerBase.java:943)
	at org.apache.catalina.core.StandardEngine.startInternal(StandardEngine.java:258)
	at org.apache.catalina.util.LifecycleBase.start(LifecycleBase.java:183)
	at org.apache.catalina.core.StandardService.startInternal(StandardService.java:422)
	at org.apache.catalina.util.LifecycleBase.start(LifecycleBase.java:183)
	at org.apache.catalina.core.StandardServer.startInternal(StandardServer.java:770)
	at org.apache.catalina.util.LifecycleBase.start(LifecycleBase.java:183)
	at org.apache.catalina.startup.Catalina.start(Catalina.java:682)
	at sun.reflect.NativeMethodAccessorImpl.invoke0(Native Method)
	at sun.reflect.NativeMethodAccessorImpl.invoke(NativeMethodAccessorImpl.java:62)
	at sun.reflect.DelegatingMethodAccessorImpl.invoke(DelegatingMethodAccessorImpl.java:43)
	at java.lang.reflect.Method.invoke(Method.java:498)
	at org.apache.catalina.startup.Bootstrap.start(Bootstrap.java:350)
	at org.apache.catalina.startup.Bootstrap.main(Bootstrap.java:492)
Caused by: java.lang.IllegalArgumentException: The main resource set specified [C:\Users\SENA\Documents\NetBeansProjects\sergio\build\web] is not valid
	at org.apache.catalina.webresources.StandardRoot.createMainResourceSet(StandardRoot.java:749)
	at org.apache.catalina.webresources.StandardRoot.startInternal(StandardRoot.java:706)
	at org.apache.catalina.util.LifecycleBase.start(LifecycleBase.java:183)
	... 41 more

26-Nov-2021 16:11:08.130 GRAVE [main] org.apache.catalina.startup.HostConfig.deployDescriptor Error durante el despliegue del descriptor de configuración [C:\Proy-Ciclo4-grupo1-e-learning\Proy-Ciclo4-grupo1-e-learning\BackEnd\servidor\conf\Catalina\localhost\sergio.xml]
 java.lang.IllegalStateException: ContainerBase.addChild: start: org.apache.catalina.LifecycleException: Failed to start component [org.apache.catalina.webresources.StandardRoot@6121c9d6]
	at org.apache.catalina.core.ContainerBase.addChildInternal(ContainerBase.java:746)
	at org.apache.catalina.core.ContainerBase.addChild(ContainerBase.java:718)
	at org.apache.catalina.core.StandardHost.addChild(StandardHost.java:703)
	at org.apache.catalina.startup.HostConfig.deployDescriptor(HostConfig.java:630)
	at org.apache.catalina.startup.HostConfig$DeployDescriptor.run(HostConfig.java:1840)
	at java.util.concurrent.Executors$RunnableAdapter.call(Executors.java:511)
	at java.util.concurrent.FutureTask.run(FutureTask.java:266)
	at org.apache.tomcat.util.threads.InlineExecutorService.execute(InlineExecutorService.java:75)
	at java.util.concurrent.AbstractExecutorService.submit(AbstractExecutorService.java:112)
	at org.apache.catalina.startup.HostConfig.deployDescriptors(HostConfig.java:525)
	at org.apache.catalina.startup.HostConfig.deployApps(HostConfig.java:424)
	at org.apache.catalina.startup.HostConfig.start(HostConfig.java:1585)
	at org.apache.catalina.startup.HostConfig.lifecycleEvent(HostConfig.java:308)
	at org.apache.catalina.util.LifecycleBase.fireLifecycleEvent(LifecycleBase.java:123)
	at org.apache.catalina.util.LifecycleBase.setStateInternal(LifecycleBase.java:424)
	at org.apache.catalina.util.LifecycleBase.setState(LifecycleBase.java:367)
	at org.apache.catalina.core.ContainerBase.startInternal(ContainerBase.java:966)
	at org.apache.catalina.core.StandardHost.startInternal(StandardHost.java:839)
	at org.apache.catalina.util.LifecycleBase.start(LifecycleBase.java:183)
	at org.apache.catalina.core.ContainerBase$StartChild.call(ContainerBase.java:1427)
	at org.apache.catalina.core.ContainerBase$StartChild.call(ContainerBase.java:1417)
	at java.util.concurrent.FutureTask.run(FutureTask.java:266)
	at org.apache.tomcat.util.threads.InlineExecutorService.execute(InlineExecutorService.java:75)
	at java.util.concurrent.AbstractExecutorService.submit(AbstractExecutorService.java:134)
	at org.apache.catalina.core.ContainerBase.startInternal(ContainerBase.java:943)
	at org.apache.catalina.core.StandardEngine.startInternal(StandardEngine.java:258)
	at org.apache.catalina.util.LifecycleBase.start(LifecycleBase.java:183)
	at org.apache.catalina.core.StandardService.startInternal(StandardService.java:422)
	at org.apache.catalina.util.LifecycleBase.start(LifecycleBase.java:183)
	at org.apache.catalina.core.StandardServer.startInternal(StandardServer.java:770)
	at org.apache.catalina.util.LifecycleBase.start(LifecycleBase.java:183)
	at org.apache.catalina.startup.Catalina.start(Catalina.java:682)
	at sun.reflect.NativeMethodAccessorImpl.invoke0(Native Method)
	at sun.reflect.NativeMethodAccessorImpl.invoke(NativeMethodAccessorImpl.java:62)
	at sun.reflect.DelegatingMethodAccessorImpl.invoke(DelegatingMethodAccessorImpl.java:43)
	at java.lang.reflect.Method.invoke(Method.java:498)
	at org.apache.catalina.startup.Bootstrap.start(Bootstrap.java:350)
	at org.apache.catalina.startup.Bootstrap.main(Bootstrap.java:492)

26-Nov-2021 16:11:08.466 INFORMACIÓN [main] org.apache.catalina.startup.HostConfig.deployDescriptor Deployment of deployment descriptor [C:\Proy-Ciclo4-grupo1-e-learning\Proy-Ciclo4-grupo1-e-learning\BackEnd\servidor\conf\Catalina\localhost\sergio.xml] has finished in [784] ms
26-Nov-2021 16:11:08.467 INFORMACIÓN [main] org.apache.catalina.startup.HostConfig.deployDescriptor Desplieque del descriptor de configuración [C:\Proy-Ciclo4-grupo1-e-learning\Proy-Ciclo4-grupo1-e-learning\BackEnd\servidor\conf\Catalina\localhost\Tutorial.xml]
26-Nov-2021 16:11:08.471 ADVERTENCIA [main] org.apache.catalina.startup.HostConfig.deployDescriptor The path attribute with value [/Tutorial] in deployment descriptor [C:\Proy-Ciclo4-grupo1-e-learning\Proy-Ciclo4-grupo1-e-learning\BackEnd\servidor\conf\Catalina\localhost\Tutorial.xml] has been ignored
26-Nov-2021 16:11:08.488 GRAVE [main] org.apache.catalina.core.ContainerBase.addChildInternal ContainerBase.addChild: start: 
 org.apache.catalina.LifecycleException: Failed to start component [org.apache.catalina.webresources.StandardRoot@612fc6eb]
	at org.apache.catalina.util.LifecycleBase.handleSubClassException(LifecycleBase.java:441)
	at org.apache.catalina.util.LifecycleBase.start(LifecycleBase.java:198)
	at org.apache.catalina.core.StandardContext.resourcesStart(StandardContext.java:4742)
	at org.apache.catalina.core.StandardContext.startInternal(StandardContext.java:4877)
	at org.apache.catalina.util.LifecycleBase.start(LifecycleBase.java:183)
	at org.apache.catalina.core.ContainerBase.addChildInternal(ContainerBase.java:742)
	at org.apache.catalina.core.ContainerBase.addChild(ContainerBase.java:718)
	at org.apache.catalina.core.StandardHost.addChild(StandardHost.java:703)
	at org.apache.catalina.startup.HostConfig.deployDescriptor(HostConfig.java:630)
	at org.apache.catalina.startup.HostConfig$DeployDescriptor.run(HostConfig.java:1840)
	at java.util.concurrent.Executors$RunnableAdapter.call(Executors.java:511)
	at java.util.concurrent.FutureTask.run(FutureTask.java:266)
	at org.apache.tomcat.util.threads.InlineExecutorService.execute(InlineExecutorService.java:75)
	at java.util.concurrent.AbstractExecutorService.submit(AbstractExecutorService.java:112)
	at org.apache.catalina.startup.HostConfig.deployDescriptors(HostConfig.java:525)
	at org.apache.catalina.startup.HostConfig.deployApps(HostConfig.java:424)
	at org.apache.catalina.startup.HostConfig.start(HostConfig.java:1585)
	at org.apache.catalina.startup.HostConfig.lifecycleEvent(HostConfig.java:308)
	at org.apache.catalina.util.LifecycleBase.fireLifecycleEvent(LifecycleBase.java:123)
	at org.apache.catalina.util.LifecycleBase.setStateInternal(LifecycleBase.java:424)
	at org.apache.catalina.util.LifecycleBase.setState(LifecycleBase.java:367)
	at org.apache.catalina.core.ContainerBase.startInternal(ContainerBase.java:966)
	at org.apache.catalina.core.StandardHost.startInternal(StandardHost.java:839)
	at org.apache.catalina.util.LifecycleBase.start(LifecycleBase.java:183)
	at org.apache.catalina.core.ContainerBase$StartChild.call(ContainerBase.java:1427)
	at org.apache.catalina.core.ContainerBase$StartChild.call(ContainerBase.java:1417)
	at java.util.concurrent.FutureTask.run(FutureTask.java:266)
	at org.apache.tomcat.util.threads.InlineExecutorService.execute(InlineExecutorService.java:75)
	at java.util.concurrent.AbstractExecutorService.submit(AbstractExecutorService.java:134)
	at org.apache.catalina.core.ContainerBase.startInternal(ContainerBase.java:943)
	at org.apache.catalina.core.StandardEngine.startInternal(StandardEngine.java:258)
	at org.apache.catalina.util.LifecycleBase.start(LifecycleBase.java:183)
	at org.apache.catalina.core.StandardService.startInternal(StandardService.java:422)
	at org.apache.catalina.util.LifecycleBase.start(LifecycleBase.java:183)
	at org.apache.catalina.core.StandardServer.startInternal(StandardServer.java:770)
	at org.apache.catalina.util.LifecycleBase.start(LifecycleBase.java:183)
	at org.apache.catalina.startup.Catalina.start(Catalina.java:682)
	at sun.reflect.NativeMethodAccessorImpl.invoke0(Native Method)
	at sun.reflect.NativeMethodAccessorImpl.invoke(NativeMethodAccessorImpl.java:62)
	at sun.reflect.DelegatingMethodAccessorImpl.invoke(DelegatingMethodAccessorImpl.java:43)
	at java.lang.reflect.Method.invoke(Method.java:498)
	at org.apache.catalina.startup.Bootstrap.start(Bootstrap.java:350)
	at org.apache.catalina.startup.Bootstrap.main(Bootstrap.java:492)
Caused by: java.lang.IllegalArgumentException: The main resource set specified [C:\Users\SENA\Documents\NetBeansProjects\Tutorial\build\web] is not valid
	at org.apache.catalina.webresources.StandardRoot.createMainResourceSet(StandardRoot.java:749)
	at org.apache.catalina.webresources.StandardRoot.startInternal(StandardRoot.java:706)
	at org.apache.catalina.util.LifecycleBase.start(LifecycleBase.java:183)
	... 41 more

26-Nov-2021 16:11:08.777 GRAVE [main] org.apache.catalina.startup.HostConfig.deployDescriptor Error durante el despliegue del descriptor de configuración [C:\Proy-Ciclo4-grupo1-e-learning\Proy-Ciclo4-grupo1-e-learning\BackEnd\servidor\conf\Catalina\localhost\Tutorial.xml]
 java.lang.IllegalStateException: ContainerBase.addChild: start: org.apache.catalina.LifecycleException: Failed to start component [org.apache.catalina.webresources.StandardRoot@612fc6eb]
	at org.apache.catalina.core.ContainerBase.addChildInternal(ContainerBase.java:746)
	at org.apache.catalina.core.ContainerBase.addChild(ContainerBase.java:718)
	at org.apache.catalina.core.StandardHost.addChild(StandardHost.java:703)
	at org.apache.catalina.startup.HostConfig.deployDescriptor(HostConfig.java:630)
	at org.apache.catalina.startup.HostConfig$DeployDescriptor.run(HostConfig.java:1840)
	at java.util.concurrent.Executors$RunnableAdapter.call(Executors.java:511)
	at java.util.concurrent.FutureTask.run(FutureTask.java:266)
	at org.apache.tomcat.util.threads.InlineExecutorService.execute(InlineExecutorService.java:75)
	at java.util.concurrent.AbstractExecutorService.submit(AbstractExecutorService.java:112)
	at org.apache.catalina.startup.HostConfig.deployDescriptors(HostConfig.java:525)
	at org.apache.catalina.startup.HostConfig.deployApps(HostConfig.java:424)
	at org.apache.catalina.startup.HostConfig.start(HostConfig.java:1585)
	at org.apache.catalina.startup.HostConfig.lifecycleEvent(HostConfig.java:308)
	at org.apache.catalina.util.LifecycleBase.fireLifecycleEvent(LifecycleBase.java:123)
	at org.apache.catalina.util.LifecycleBase.setStateInternal(LifecycleBase.java:424)
	at org.apache.catalina.util.LifecycleBase.setState(LifecycleBase.java:367)
	at org.apache.catalina.core.ContainerBase.startInternal(ContainerBase.java:966)
	at org.apache.catalina.core.StandardHost.startInternal(StandardHost.java:839)
	at org.apache.catalina.util.LifecycleBase.start(LifecycleBase.java:183)
	at org.apache.catalina.core.ContainerBase$StartChild.call(ContainerBase.java:1427)
	at org.apache.catalina.core.ContainerBase$StartChild.call(ContainerBase.java:1417)
	at java.util.concurrent.FutureTask.run(FutureTask.java:266)
	at org.apache.tomcat.util.threads.InlineExecutorService.execute(InlineExecutorService.java:75)
	at java.util.concurrent.AbstractExecutorService.submit(AbstractExecutorService.java:134)
	at org.apache.catalina.core.ContainerBase.startInternal(ContainerBase.java:943)
	at org.apache.catalina.core.StandardEngine.startInternal(StandardEngine.java:258)
	at org.apache.catalina.util.LifecycleBase.start(LifecycleBase.java:183)
	at org.apache.catalina.core.StandardService.startInternal(StandardService.java:422)
	at org.apache.catalina.util.LifecycleBase.start(LifecycleBase.java:183)
	at org.apache.catalina.core.StandardServer.startInternal(StandardServer.java:770)
	at org.apache.catalina.util.LifecycleBase.start(LifecycleBase.java:183)
	at org.apache.catalina.startup.Catalina.start(Catalina.java:682)
	at sun.reflect.NativeMethodAccessorImpl.invoke0(Native Method)
	at sun.reflect.NativeMethodAccessorImpl.invoke(NativeMethodAccessorImpl.java:62)
	at sun.reflect.DelegatingMethodAccessorImpl.invoke(DelegatingMethodAccessorImpl.java:43)
	at java.lang.reflect.Method.invoke(Method.java:498)
	at org.apache.catalina.startup.Bootstrap.start(Bootstrap.java:350)
	at org.apache.catalina.startup.Bootstrap.main(Bootstrap.java:492)

26-Nov-2021 16:11:08.780 INFORMACIÓN [main] org.apache.catalina.startup.HostConfig.deployDescriptor Deployment of deployment descriptor [C:\Proy-Ciclo4-grupo1-e-learning\Proy-Ciclo4-grupo1-e-learning\BackEnd\servidor\conf\Catalina\localhost\Tutorial.xml] has finished in [312] ms
26-Nov-2021 16:11:08.783 INFORMACIÓN [main] org.apache.catalina.startup.HostConfig.deployDirectory Despliegue del directorio [C:\Proy-Ciclo4-grupo1-e-learning\Proy-Ciclo4-grupo1-e-learning\BackEnd\servidor\webapps\docs] de la aplicación web
26-Nov-2021 16:11:11.217 INFORMACIÓN [main] org.apache.catalina.startup.HostConfig.deployDirectory Deployment of web application directory [C:\Proy-Ciclo4-grupo1-e-learning\Proy-Ciclo4-grupo1-e-learning\BackEnd\servidor\webapps\docs] has finished in [2.434] ms
26-Nov-2021 16:11:11.220 INFORMACIÓN [main] org.apache.catalina.startup.HostConfig.deployDirectory Despliegue del directorio [C:\Proy-Ciclo4-grupo1-e-learning\Proy-Ciclo4-grupo1-e-learning\BackEnd\servidor\webapps\examples] de la aplicación web
26-Nov-2021 16:11:14.990 INFORMACIÓN [main] org.apache.catalina.startup.HostConfig.deployDirectory Deployment of web application directory [C:\Proy-Ciclo4-grupo1-e-learning\Proy-Ciclo4-grupo1-e-learning\BackEnd\servidor\webapps\examples] has finished in [3.769] ms
26-Nov-2021 16:11:14.992 INFORMACIÓN [main] org.apache.catalina.startup.HostConfig.deployDirectory Despliegue del directorio [C:\Proy-Ciclo4-grupo1-e-learning\Proy-Ciclo4-grupo1-e-learning\BackEnd\servidor\webapps\host-manager] de la aplicación web
26-Nov-2021 16:11:15.261 INFORMACIÓN [main] org.apache.catalina.startup.HostConfig.deployDirectory Deployment of web application directory [C:\Proy-Ciclo4-grupo1-e-learning\Proy-Ciclo4-grupo1-e-learning\BackEnd\servidor\webapps\host-manager] has finished in [268] ms
26-Nov-2021 16:11:15.263 INFORMACIÓN [main] org.apache.catalina.startup.HostConfig.deployDirectory Despliegue del directorio [C:\Proy-Ciclo4-grupo1-e-learning\Proy-Ciclo4-grupo1-e-learning\BackEnd\servidor\webapps\manager] de la aplicación web
26-Nov-2021 16:11:15.465 INFORMACIÓN [main] org.apache.catalina.startup.HostConfig.deployDirectory Deployment of web application directory [C:\Proy-Ciclo4-grupo1-e-learning\Proy-Ciclo4-grupo1-e-learning\BackEnd\servidor\webapps\manager] has finished in [201] ms
26-Nov-2021 16:11:15.466 INFORMACIÓN [main] org.apache.catalina.startup.HostConfig.deployDirectory Despliegue del directorio [C:\Proy-Ciclo4-grupo1-e-learning\Proy-Ciclo4-grupo1-e-learning\BackEnd\servidor\webapps\ROOT] de la aplicación web
26-Nov-2021 16:11:15.656 INFORMACIÓN [main] org.apache.catalina.startup.HostConfig.deployDirectory Deployment of web application directory [C:\Proy-Ciclo4-grupo1-e-learning\Proy-Ciclo4-grupo1-e-learning\BackEnd\servidor\webapps\ROOT] has finished in [190] ms
26-Nov-2021 16:11:15.723 INFORMACIÓN [main] org.apache.coyote.AbstractProtocol.start Starting ProtocolHandler ["http-nio-8080"]
26-Nov-2021 16:11:15.786 INFORMACIÓN [main] org.apache.coyote.AbstractProtocol.start Starting ProtocolHandler ["ajp-nio-8009"]
26-Nov-2021 16:11:15.803 INFORMACIÓN [main] org.apache.catalina.startup.Catalina.start Server startup in 9737 ms
26-Nov-2021 16:11:52.325 ADVERTENCIA [http-nio-8080-exec-6] org.apache.catalina.realm.LockOutRealm.filterLockedAccounts Se ha intentado autentica al usuario bloqueado [root]
26-Nov-2021 16:11:52.910 ADVERTENCIA [http-nio-8080-exec-8] org.apache.catalina.realm.LockOutRealm.filterLockedAccounts Se ha intentado autentica al usuario bloqueado [root]
26-Nov-2021 16:12:03.426 ADVERTENCIA [http-nio-8080-exec-10] org.apache.catalina.realm.LockOutRealm.filterLockedAccounts Se ha intentado autentica al usuario bloqueado [root]
26-Nov-2021 16:12:04.209 ADVERTENCIA [http-nio-8080-exec-3] org.apache.catalina.realm.LockOutRealm.filterLockedAccounts Se ha intentado autentica al usuario bloqueado [root]
26-Nov-2021 16:12:05.418 ADVERTENCIA [http-nio-8080-exec-2] org.apache.catalina.realm.LockOutRealm.filterLockedAccounts Se ha intentado autentica al usuario bloqueado [root]
26-Nov-2021 16:12:08.561 ADVERTENCIA [http-nio-8080-exec-8] org.apache.catalina.realm.LockOutRealm.filterLockedAccounts Se ha intentado autentica al usuario bloqueado [root]
26-Nov-2021 16:12:08.576 ADVERTENCIA [http-nio-8080-exec-9] org.apache.catalina.realm.LockOutRealm.filterLockedAccounts Se ha intentado autentica al usuario bloqueado [root]
26-Nov-2021 16:18:45.297 ADVERTENCIA [http-nio-8080-exec-1] org.apache.catalina.realm.LockOutRealm.filterLockedAccounts Se ha intentado autentica al usuario bloqueado [root]
26-Nov-2021 16:18:46.200 ADVERTENCIA [http-nio-8080-exec-3] org.apache.catalina.realm.LockOutRealm.filterLockedAccounts Se ha intentado autentica al usuario bloqueado [root]
26-Nov-2021 16:18:46.918 ADVERTENCIA [http-nio-8080-exec-6] org.apache.catalina.realm.LockOutRealm.filterLockedAccounts Se ha intentado autentica al usuario bloqueado [root]
26-Nov-2021 16:21:02.447 ADVERTENCIA [http-nio-8080-exec-6] org.apache.catalina.realm.LockOutRealm.filterLockedAccounts Se ha intentado autentica al usuario bloqueado [root]
26-Nov-2021 16:21:17.086 ADVERTENCIA [http-nio-8080-exec-8] org.apache.catalina.realm.LockOutRealm.filterLockedAccounts Se ha intentado autentica al usuario bloqueado [admin]
26-Nov-2021 16:24:22.270 ADVERTENCIA [http-nio-8080-exec-2] org.apache.catalina.realm.LockOutRealm.filterLockedAccounts Se ha intentado autentica al usuario bloqueado [admin]
26-Nov-2021 16:24:23.373 ADVERTENCIA [http-nio-8080-exec-7] org.apache.catalina.realm.LockOutRealm.filterLockedAccounts Se ha intentado autentica al usuario bloqueado [admin]
26-Nov-2021 16:24:33.116 ADVERTENCIA [http-nio-8080-exec-8] org.apache.catalina.realm.LockOutRealm.filterLockedAccounts Se ha intentado autentica al usuario bloqueado [root]
26-Nov-2021 16:24:37.095 ADVERTENCIA [http-nio-8080-exec-9] org.apache.catalina.realm.LockOutRealm.filterLockedAccounts Se ha intentado autentica al usuario bloqueado [root]
26-Nov-2021 16:24:37.103 ADVERTENCIA [http-nio-8080-exec-10] org.apache.catalina.realm.LockOutRealm.filterLockedAccounts Se ha intentado autentica al usuario bloqueado [root]
26-Nov-2021 16:33:29.858 ADVERTENCIA [http-nio-8080-exec-8] org.apache.catalina.realm.LockOutRealm.filterLockedAccounts Se ha intentado autentica al usuario bloqueado [root]
26-Nov-2021 16:34:46.671 ADVERTENCIA [http-nio-8080-exec-7] org.apache.catalina.realm.LockOutRealm.filterLockedAccounts Se ha intentado autentica al usuario bloqueado [root]
26-Nov-2021 16:34:47.300 ADVERTENCIA [http-nio-8080-exec-5] org.apache.catalina.realm.LockOutRealm.filterLockedAccounts Se ha intentado autentica al usuario bloqueado [root]
26-Nov-2021 16:34:47.872 ADVERTENCIA [http-nio-8080-exec-8] org.apache.catalina.realm.LockOutRealm.filterLockedAccounts Se ha intentado autentica al usuario bloqueado [root]
26-Nov-2021 16:34:48.338 ADVERTENCIA [http-nio-8080-exec-2] org.apache.catalina.realm.LockOutRealm.filterLockedAccounts Se ha intentado autentica al usuario bloqueado [root]
26-Nov-2021 16:34:48.725 ADVERTENCIA [http-nio-8080-exec-10] org.apache.catalina.realm.LockOutRealm.filterLockedAccounts Se ha intentado autentica al usuario bloqueado [root]
26-Nov-2021 16:34:49.088 ADVERTENCIA [http-nio-8080-exec-7] org.apache.catalina.realm.LockOutRealm.filterLockedAccounts Se ha intentado autentica al usuario bloqueado [root]
26-Nov-2021 16:34:49.391 ADVERTENCIA [http-nio-8080-exec-5] org.apache.catalina.realm.LockOutRealm.filterLockedAccounts Se ha intentado autentica al usuario bloqueado [root]
26-Nov-2021 16:34:49.692 ADVERTENCIA [http-nio-8080-exec-8] org.apache.catalina.realm.LockOutRealm.filterLockedAccounts Se ha intentado autentica al usuario bloqueado [root]
26-Nov-2021 16:34:49.937 ADVERTENCIA [http-nio-8080-exec-2] org.apache.catalina.realm.LockOutRealm.filterLockedAccounts Se ha intentado autentica al usuario bloqueado [root]
26-Nov-2021 16:34:50.296 ADVERTENCIA [http-nio-8080-exec-10] org.apache.catalina.realm.LockOutRealm.filterLockedAccounts Se ha intentado autentica al usuario bloqueado [root]
26-Nov-2021 16:34:50.668 ADVERTENCIA [http-nio-8080-exec-7] org.apache.catalina.realm.LockOutRealm.filterLockedAccounts Se ha intentado autentica al usuario bloqueado [root]
26-Nov-2021 16:34:51.042 ADVERTENCIA [http-nio-8080-exec-5] org.apache.catalina.realm.LockOutRealm.filterLockedAccounts Se ha intentado autentica al usuario bloqueado [root]
26-Nov-2021 16:34:51.510 ADVERTENCIA [http-nio-8080-exec-8] org.apache.catalina.realm.LockOutRealm.filterLockedAccounts Se ha intentado autentica al usuario bloqueado [root]
26-Nov-2021 16:34:51.878 ADVERTENCIA [http-nio-8080-exec-2] org.apache.catalina.realm.LockOutRealm.filterLockedAccounts Se ha intentado autentica al usuario bloqueado [root]
26-Nov-2021 16:34:52.078 ADVERTENCIA [http-nio-8080-exec-10] org.apache.catalina.realm.LockOutRealm.filterLockedAccounts Se ha intentado autentica al usuario bloqueado [root]
26-Nov-2021 16:34:52.367 ADVERTENCIA [http-nio-8080-exec-7] org.apache.catalina.realm.LockOutRealm.filterLockedAccounts Se ha intentado autentica al usuario bloqueado [root]
26-Nov-2021 16:34:53.114 ADVERTENCIA [http-nio-8080-exec-5] org.apache.catalina.realm.LockOutRealm.filterLockedAccounts Se ha intentado autentica al usuario bloqueado [root]
26-Nov-2021 16:34:53.545 ADVERTENCIA [http-nio-8080-exec-8] org.apache.catalina.realm.LockOutRealm.filterLockedAccounts Se ha intentado autentica al usuario bloqueado [root]
26-Nov-2021 16:34:53.733 ADVERTENCIA [http-nio-8080-exec-2] org.apache.catalina.realm.LockOutRealm.filterLockedAccounts Se ha intentado autentica al usuario bloqueado [root]
26-Nov-2021 16:34:54.517 ADVERTENCIA [http-nio-8080-exec-5] org.apache.catalina.realm.LockOutRealm.filterLockedAccounts Se ha intentado autentica al usuario bloqueado [root]
26-Nov-2021 16:34:54.749 ADVERTENCIA [http-nio-8080-exec-8] org.apache.catalina.realm.LockOutRealm.filterLockedAccounts Se ha intentado autentica al usuario bloqueado [root]
26-Nov-2021 16:34:55.086 ADVERTENCIA [http-nio-8080-exec-2] org.apache.catalina.realm.LockOutRealm.filterLockedAccounts Se ha intentado autentica al usuario bloqueado [root]
26-Nov-2021 16:34:55.285 ADVERTENCIA [http-nio-8080-exec-10] org.apache.catalina.realm.LockOutRealm.filterLockedAccounts Se ha intentado autentica al usuario bloqueado [root]
26-Nov-2021 16:34:55.487 ADVERTENCIA [http-nio-8080-exec-7] org.apache.catalina.realm.LockOutRealm.filterLockedAccounts Se ha intentado autentica al usuario bloqueado [root]
26-Nov-2021 16:34:55.669 ADVERTENCIA [http-nio-8080-exec-5] org.apache.catalina.realm.LockOutRealm.filterLockedAccounts Se ha intentado autentica al usuario bloqueado [root]
26-Nov-2021 16:34:55.866 ADVERTENCIA [http-nio-8080-exec-8] org.apache.catalina.realm.LockOutRealm.filterLockedAccounts Se ha intentado autentica al usuario bloqueado [root]
26-Nov-2021 16:34:56.042 ADVERTENCIA [http-nio-8080-exec-2] org.apache.catalina.realm.LockOutRealm.filterLockedAccounts Se ha intentado autentica al usuario bloqueado [root]
26-Nov-2021 16:34:56.223 ADVERTENCIA [http-nio-8080-exec-10] org.apache.catalina.realm.LockOutRealm.filterLockedAccounts Se ha intentado autentica al usuario bloqueado [root]
26-Nov-2021 16:34:57.312 ADVERTENCIA [http-nio-8080-exec-7] org.apache.catalina.realm.LockOutRealm.filterLockedAccounts Se ha intentado autentica al usuario bloqueado [root]
26-Nov-2021 16:34:57.320 ADVERTENCIA [http-nio-8080-exec-1] org.apache.catalina.realm.LockOutRealm.filterLockedAccounts Se ha intentado autentica al usuario bloqueado [root]
26-Nov-2021 16:36:25.969 ADVERTENCIA [http-nio-8080-exec-8] org.apache.catalina.realm.LockOutRealm.filterLockedAccounts Se ha intentado autentica al usuario bloqueado [root]
26-Nov-2021 16:36:28.299 ADVERTENCIA [http-nio-8080-exec-9] org.apache.catalina.realm.LockOutRealm.filterLockedAccounts Se ha intentado autentica al usuario bloqueado [root]
26-Nov-2021 16:36:28.307 ADVERTENCIA [http-nio-8080-exec-10] org.apache.catalina.realm.LockOutRealm.filterLockedAccounts Se ha intentado autentica al usuario bloqueado [root]
26-Nov-2021 16:36:48.635 ADVERTENCIA [http-nio-8080-exec-8] org.apache.catalina.realm.LockOutRealm.filterLockedAccounts Se ha intentado autentica al usuario bloqueado [root]
26-Nov-2021 16:36:49.495 ADVERTENCIA [http-nio-8080-exec-4] org.apache.catalina.realm.LockOutRealm.filterLockedAccounts Se ha intentado autentica al usuario bloqueado [root]
26-Nov-2021 16:37:01.544 ADVERTENCIA [http-nio-8080-exec-1] org.apache.catalina.realm.LockOutRealm.filterLockedAccounts Se ha intentado autentica al usuario bloqueado [root]
26-Nov-2021 16:37:02.204 ADVERTENCIA [http-nio-8080-exec-3] org.apache.catalina.realm.LockOutRealm.filterLockedAccounts Se ha intentado autentica al usuario bloqueado [root]
26-Nov-2021 16:37:02.765 ADVERTENCIA [http-nio-8080-exec-8] org.apache.catalina.realm.LockOutRealm.filterLockedAccounts Se ha intentado autentica al usuario bloqueado [root]
26-Nov-2021 16:37:03.252 ADVERTENCIA [http-nio-8080-exec-4] org.apache.catalina.realm.LockOutRealm.filterLockedAccounts Se ha intentado autentica al usuario bloqueado [root]
26-Nov-2021 16:37:03.523 ADVERTENCIA [http-nio-8080-exec-10] org.apache.catalina.realm.LockOutRealm.filterLockedAccounts Se ha intentado autentica al usuario bloqueado [root]
26-Nov-2021 16:37:03.683 ADVERTENCIA [http-nio-8080-exec-1] org.apache.catalina.realm.LockOutRealm.filterLockedAccounts Se ha intentado autentica al usuario bloqueado [root]
26-Nov-2021 16:37:43.348 ADVERTENCIA [http-nio-8080-exec-8] org.apache.catalina.realm.LockOutRealm.filterLockedAccounts Se ha intentado autentica al usuario bloqueado [root]
26-Nov-2021 16:37:43.960 ADVERTENCIA [http-nio-8080-exec-4] org.apache.catalina.realm.LockOutRealm.filterLockedAccounts Se ha intentado autentica al usuario bloqueado [root]
26-Nov-2021 16:37:44.394 ADVERTENCIA [http-nio-8080-exec-10] org.apache.catalina.realm.LockOutRealm.filterLockedAccounts Se ha intentado autentica al usuario bloqueado [root]
26-Nov-2021 16:37:44.568 ADVERTENCIA [http-nio-8080-exec-1] org.apache.catalina.realm.LockOutRealm.filterLockedAccounts Se ha intentado autentica al usuario bloqueado [root]
26-Nov-2021 16:37:44.726 ADVERTENCIA [http-nio-8080-exec-5] org.apache.catalina.realm.LockOutRealm.filterLockedAccounts Se ha intentado autentica al usuario bloqueado [root]
26-Nov-2021 16:38:57.966 ADVERTENCIA [http-nio-8080-exec-10] org.apache.catalina.realm.LockOutRealm.filterLockedAccounts Se ha intentado autentica al usuario bloqueado [root]
26-Nov-2021 16:38:59.437 ADVERTENCIA [http-nio-8080-exec-1] org.apache.catalina.realm.LockOutRealm.filterLockedAccounts Se ha intentado autentica al usuario bloqueado [root]
26-Nov-2021 16:38:59.921 ADVERTENCIA [http-nio-8080-exec-5] org.apache.catalina.realm.LockOutRealm.filterLockedAccounts Se ha intentado autentica al usuario bloqueado [root]
26-Nov-2021 16:39:00.323 ADVERTENCIA [http-nio-8080-exec-6] org.apache.catalina.realm.LockOutRealm.filterLockedAccounts Se ha intentado autentica al usuario bloqueado [root]
26-Nov-2021 16:39:00.650 ADVERTENCIA [http-nio-8080-exec-4] org.apache.catalina.realm.LockOutRealm.filterLockedAccounts Se ha intentado autentica al usuario bloqueado [root]
26-Nov-2021 16:39:00.940 ADVERTENCIA [http-nio-8080-exec-10] org.apache.catalina.realm.LockOutRealm.filterLockedAccounts Se ha intentado autentica al usuario bloqueado [root]
26-Nov-2021 16:39:01.174 ADVERTENCIA [http-nio-8080-exec-1] org.apache.catalina.realm.LockOutRealm.filterLockedAccounts Se ha intentado autentica al usuario bloqueado [root]
26-Nov-2021 16:39:01.410 ADVERTENCIA [http-nio-8080-exec-5] org.apache.catalina.realm.LockOutRealm.filterLockedAccounts Se ha intentado autentica al usuario bloqueado [root]
26-Nov-2021 16:39:01.626 ADVERTENCIA [http-nio-8080-exec-6] org.apache.catalina.realm.LockOutRealm.filterLockedAccounts Se ha intentado autentica al usuario bloqueado [root]
26-Nov-2021 16:39:02.476 ADVERTENCIA [http-nio-8080-exec-4] org.apache.catalina.realm.LockOutRealm.filterLockedAccounts Se ha intentado autentica al usuario bloqueado [root]
26-Nov-2021 16:39:03.044 ADVERTENCIA [http-nio-8080-exec-10] org.apache.catalina.realm.LockOutRealm.filterLockedAccounts Se ha intentado autentica al usuario bloqueado [root]
26-Nov-2021 16:39:03.402 ADVERTENCIA [http-nio-8080-exec-1] org.apache.catalina.realm.LockOutRealm.filterLockedAccounts Se ha intentado autentica al usuario bloqueado [root]
26-Nov-2021 16:39:03.905 ADVERTENCIA [http-nio-8080-exec-5] org.apache.catalina.realm.LockOutRealm.filterLockedAccounts Se ha intentado autentica al usuario bloqueado [root]
26-Nov-2021 16:39:04.152 ADVERTENCIA [http-nio-8080-exec-6] org.apache.catalina.realm.LockOutRealm.filterLockedAccounts Se ha intentado autentica al usuario bloqueado [root]
26-Nov-2021 16:39:04.941 ADVERTENCIA [http-nio-8080-exec-9] org.apache.catalina.realm.LockOutRealm.filterLockedAccounts Se ha intentado autentica al usuario bloqueado [root]
26-Nov-2021 16:40:39.839 ADVERTENCIA [http-nio-8080-exec-5] org.apache.catalina.realm.LockOutRealm.filterLockedAccounts Se ha intentado autentica al usuario bloqueado [root]
26-Nov-2021 16:40:40.407 ADVERTENCIA [http-nio-8080-exec-6] org.apache.catalina.realm.LockOutRealm.filterLockedAccounts Se ha intentado autentica al usuario bloqueado [root]
26-Nov-2021 16:40:40.865 ADVERTENCIA [http-nio-8080-exec-4] org.apache.catalina.realm.LockOutRealm.filterLockedAccounts Se ha intentado autentica al usuario bloqueado [root]
26-Nov-2021 16:40:41.194 ADVERTENCIA [http-nio-8080-exec-10] org.apache.catalina.realm.LockOutRealm.filterLockedAccounts Se ha intentado autentica al usuario bloqueado [root]
26-Nov-2021 16:40:41.364 ADVERTENCIA [http-nio-8080-exec-1] org.apache.catalina.realm.LockOutRealm.filterLockedAccounts Se ha intentado autentica al usuario bloqueado [root]
26-Nov-2021 16:40:41.520 ADVERTENCIA [http-nio-8080-exec-5] org.apache.catalina.realm.LockOutRealm.filterLockedAccounts Se ha intentado autentica al usuario bloqueado [root]
26-Nov-2021 16:40:41.714 ADVERTENCIA [http-nio-8080-exec-6] org.apache.catalina.realm.LockOutRealm.filterLockedAccounts Se ha intentado autentica al usuario bloqueado [root]
26-Nov-2021 16:40:41.898 ADVERTENCIA [http-nio-8080-exec-4] org.apache.catalina.realm.LockOutRealm.filterLockedAccounts Se ha intentado autentica al usuario bloqueado [root]
26-Nov-2021 16:40:42.281 ADVERTENCIA [http-nio-8080-exec-10] org.apache.catalina.realm.LockOutRealm.filterLockedAccounts Se ha intentado autentica al usuario bloqueado [root]
26-Nov-2021 16:40:42.617 ADVERTENCIA [http-nio-8080-exec-5] org.apache.catalina.realm.LockOutRealm.filterLockedAccounts Se ha intentado autentica al usuario bloqueado [root]
26-Nov-2021 16:40:42.796 ADVERTENCIA [http-nio-8080-exec-6] org.apache.catalina.realm.LockOutRealm.filterLockedAccounts Se ha intentado autentica al usuario bloqueado [root]
26-Nov-2021 16:40:42.965 ADVERTENCIA [http-nio-8080-exec-4] org.apache.catalina.realm.LockOutRealm.filterLockedAccounts Se ha intentado autentica al usuario bloqueado [root]
26-Nov-2021 16:40:43.121 ADVERTENCIA [http-nio-8080-exec-10] org.apache.catalina.realm.LockOutRealm.filterLockedAccounts Se ha intentado autentica al usuario bloqueado [root]
26-Nov-2021 16:40:43.303 ADVERTENCIA [http-nio-8080-exec-1] org.apache.catalina.realm.LockOutRealm.filterLockedAccounts Se ha intentado autentica al usuario bloqueado [root]
26-Nov-2021 16:40:43.462 ADVERTENCIA [http-nio-8080-exec-5] org.apache.catalina.realm.LockOutRealm.filterLockedAccounts Se ha intentado autentica al usuario bloqueado [root]
26-Nov-2021 16:40:44.676 ADVERTENCIA [http-nio-8080-exec-4] org.apache.catalina.realm.LockOutRealm.filterLockedAccounts Se ha intentado autentica al usuario bloqueado [root]
26-Nov-2021 16:40:44.681 ADVERTENCIA [http-nio-8080-exec-6] org.apache.catalina.realm.LockOutRealm.filterLockedAccounts Se ha intentado autentica al usuario bloqueado [root]
26-Nov-2021 16:40:54.424 ADVERTENCIA [http-nio-8080-exec-5] org.apache.catalina.realm.LockOutRealm.filterLockedAccounts Se ha intentado autentica al usuario bloqueado [root]
26-Nov-2021 16:40:54.982 ADVERTENCIA [http-nio-8080-exec-2] org.apache.catalina.realm.LockOutRealm.filterLockedAccounts Se ha intentado autentica al usuario bloqueado [root]
26-Nov-2021 16:40:55.374 ADVERTENCIA [http-nio-8080-exec-6] org.apache.catalina.realm.LockOutRealm.filterLockedAccounts Se ha intentado autentica al usuario bloqueado [root]
26-Nov-2021 16:40:55.880 ADVERTENCIA [http-nio-8080-exec-9] org.apache.catalina.realm.LockOutRealm.filterLockedAccounts Se ha intentado autentica al usuario bloqueado [root]
26-Nov-2021 16:40:56.669 ADVERTENCIA [http-nio-8080-exec-3] org.apache.catalina.realm.LockOutRealm.filterLockedAccounts Se ha intentado autentica al usuario bloqueado [root]
26-Nov-2021 16:41:15.025 ADVERTENCIA [http-nio-8080-exec-6] org.apache.catalina.realm.LockOutRealm.filterLockedAccounts Se ha intentado autentica al usuario bloqueado [root]
26-Nov-2021 16:41:15.799 ADVERTENCIA [http-nio-8080-exec-9] org.apache.catalina.realm.LockOutRealm.filterLockedAccounts Se ha intentado autentica al usuario bloqueado [root]
26-Nov-2021 16:41:16.306 ADVERTENCIA [http-nio-8080-exec-7] org.apache.catalina.realm.LockOutRealm.filterLockedAccounts Se ha intentado autentica al usuario bloqueado [root]
26-Nov-2021 16:41:25.813 ADVERTENCIA [http-nio-8080-exec-2] org.apache.catalina.realm.LockOutRealm.filterLockedAccounts Se ha intentado autentica al usuario bloqueado [root]
26-Nov-2021 16:41:26.631 ADVERTENCIA [http-nio-8080-exec-6] org.apache.catalina.realm.LockOutRealm.filterLockedAccounts Se ha intentado autentica al usuario bloqueado [root]
26-Nov-2021 16:41:27.085 ADVERTENCIA [http-nio-8080-exec-9] org.apache.catalina.realm.LockOutRealm.filterLockedAccounts Se ha intentado autentica al usuario bloqueado [root]
26-Nov-2021 16:41:27.271 ADVERTENCIA [http-nio-8080-exec-7] org.apache.catalina.realm.LockOutRealm.filterLockedAccounts Se ha intentado autentica al usuario bloqueado [root]
26-Nov-2021 16:42:31.708 ADVERTENCIA [http-nio-8080-exec-9] org.apache.catalina.realm.LockOutRealm.filterLockedAccounts Se ha intentado autentica al usuario bloqueado [root]
26-Nov-2021 16:42:38.780 ADVERTENCIA [http-nio-8080-exec-7] org.apache.catalina.realm.LockOutRealm.filterLockedAccounts Se ha intentado autentica al usuario bloqueado [root]
26-Nov-2021 16:42:47.233 ADVERTENCIA [http-nio-8080-exec-5] org.apache.catalina.realm.LockOutRealm.filterLockedAccounts Se ha intentado autentica al usuario bloqueado [admin]
26-Nov-2021 16:42:47.442 ADVERTENCIA [http-nio-8080-exec-2] org.apache.catalina.realm.LockOutRealm.filterLockedAccounts Se ha intentado autentica al usuario bloqueado [admin]
26-Nov-2021 16:42:47.703 ADVERTENCIA [http-nio-8080-exec-6] org.apache.catalina.realm.LockOutRealm.filterLockedAccounts Se ha intentado autentica al usuario bloqueado [admin]
26-Nov-2021 16:42:48.680 ADVERTENCIA [http-nio-8080-exec-9] org.apache.catalina.realm.LockOutRealm.filterLockedAccounts Se ha intentado autentica al usuario bloqueado [admin]
26-Nov-2021 16:42:48.897 ADVERTENCIA [http-nio-8080-exec-7] org.apache.catalina.realm.LockOutRealm.filterLockedAccounts Se ha intentado autentica al usuario bloqueado [admin]
26-Nov-2021 16:42:49.057 ADVERTENCIA [http-nio-8080-exec-5] org.apache.catalina.realm.LockOutRealm.filterLockedAccounts Se ha intentado autentica al usuario bloqueado [admin]
26-Nov-2021 16:42:49.218 ADVERTENCIA [http-nio-8080-exec-2] org.apache.catalina.realm.LockOutRealm.filterLockedAccounts Se ha intentado autentica al usuario bloqueado [admin]
26-Nov-2021 16:42:49.591 ADVERTENCIA [http-nio-8080-exec-6] org.apache.catalina.realm.LockOutRealm.filterLockedAccounts Se ha intentado autentica al usuario bloqueado [admin]
26-Nov-2021 16:42:49.748 ADVERTENCIA [http-nio-8080-exec-9] org.apache.catalina.realm.LockOutRealm.filterLockedAccounts Se ha intentado autentica al usuario bloqueado [admin]
26-Nov-2021 16:42:49.926 ADVERTENCIA [http-nio-8080-exec-7] org.apache.catalina.realm.LockOutRealm.filterLockedAccounts Se ha intentado autentica al usuario bloqueado [admin]
26-Nov-2021 16:42:50.107 ADVERTENCIA [http-nio-8080-exec-5] org.apache.catalina.realm.LockOutRealm.filterLockedAccounts Se ha intentado autentica al usuario bloqueado [admin]
26-Nov-2021 16:42:50.434 ADVERTENCIA [http-nio-8080-exec-2] org.apache.catalina.realm.LockOutRealm.filterLockedAccounts Se ha intentado autentica al usuario bloqueado [admin]
26-Nov-2021 16:43:27.792 ADVERTENCIA [http-nio-8080-exec-2] org.apache.catalina.realm.LockOutRealm.filterLockedAccounts Se ha intentado autentica al usuario bloqueado [admin]
26-Nov-2021 16:43:28.617 ADVERTENCIA [http-nio-8080-exec-6] org.apache.catalina.realm.LockOutRealm.filterLockedAccounts Se ha intentado autentica al usuario bloqueado [admin]
26-Nov-2021 16:43:31.818 ADVERTENCIA [http-nio-8080-exec-9] org.apache.catalina.realm.LockOutRealm.filterLockedAccounts Se ha intentado autentica al usuario bloqueado [admin]
26-Nov-2021 17:21:43.400 ADVERTENCIA [http-nio-8080-exec-6] org.apache.catalina.realm.LockOutRealm.filterLockedAccounts Se ha intentado autentica al usuario bloqueado [root]
26-Nov-2021 17:21:43.948 ADVERTENCIA [http-nio-8080-exec-9] org.apache.catalina.realm.LockOutRealm.filterLockedAccounts Se ha intentado autentica al usuario bloqueado [root]
26-Nov-2021 21:01:17.196 ADVERTENCIA [http-nio-8080-exec-6] org.apache.catalina.realm.LockOutRealm.filterLockedAccounts Se ha intentado autentica al usuario bloqueado [root]
26-Nov-2021 21:01:17.390 ADVERTENCIA [http-nio-8080-exec-9] org.apache.catalina.realm.LockOutRealm.filterLockedAccounts Se ha intentado autentica al usuario bloqueado [root]
26-Nov-2021 21:01:18.023 ADVERTENCIA [http-nio-8080-exec-5] org.apache.catalina.realm.LockOutRealm.filterLockedAccounts Se ha intentado autentica al usuario bloqueado [root]
26-Nov-2021 21:01:18.574 ADVERTENCIA [http-nio-8080-exec-2] org.apache.catalina.realm.LockOutRealm.filterLockedAccounts Se ha intentado autentica al usuario bloqueado [root]
26-Nov-2021 21:01:19.257 ADVERTENCIA [http-nio-8080-exec-10] org.apache.catalina.realm.LockOutRealm.filterLockedAccounts Se ha intentado autentica al usuario bloqueado [root]
26-Nov-2021 21:01:20.226 ADVERTENCIA [http-nio-8080-exec-7] org.apache.catalina.realm.LockOutRealm.filterLockedAccounts Se ha intentado autentica al usuario bloqueado [root]
26-Nov-2021 21:26:21.911 ADVERTENCIA [http-nio-8080-exec-2] org.apache.catalina.realm.LockOutRealm.filterLockedAccounts Se ha intentado autentica al usuario bloqueado [root]
26-Nov-2021 21:31:20.833 ADVERTENCIA [http-nio-8080-exec-9] org.apache.catalina.realm.LockOutRealm.filterLockedAccounts Se ha intentado autentica al usuario bloqueado [root]
26-Nov-2021 21:31:21.433 ADVERTENCIA [http-nio-8080-exec-2] org.apache.catalina.realm.LockOutRealm.filterLockedAccounts Se ha intentado autentica al usuario bloqueado [root]
26-Nov-2021 21:31:21.923 ADVERTENCIA [http-nio-8080-exec-6] org.apache.catalina.realm.LockOutRealm.filterLockedAccounts Se ha intentado autentica al usuario bloqueado [root]
26-Nov-2021 21:31:22.299 ADVERTENCIA [http-nio-8080-exec-1] org.apache.catalina.realm.LockOutRealm.filterLockedAccounts Se ha intentado autentica al usuario bloqueado [root]
26-Nov-2021 21:31:22.556 ADVERTENCIA [http-nio-8080-exec-5] org.apache.catalina.realm.LockOutRealm.filterLockedAccounts Se ha intentado autentica al usuario bloqueado [root]
26-Nov-2021 21:31:22.937 ADVERTENCIA [http-nio-8080-exec-9] org.apache.catalina.realm.LockOutRealm.filterLockedAccounts Se ha intentado autentica al usuario bloqueado [root]
26-Nov-2021 21:31:23.069 ADVERTENCIA [http-nio-8080-exec-2] org.apache.catalina.realm.LockOutRealm.filterLockedAccounts Se ha intentado autentica al usuario bloqueado [root]
26-Nov-2021 21:31:23.221 ADVERTENCIA [http-nio-8080-exec-6] org.apache.catalina.realm.LockOutRealm.filterLockedAccounts Se ha intentado autentica al usuario bloqueado [root]
26-Nov-2021 21:31:23.537 ADVERTENCIA [http-nio-8080-exec-1] org.apache.catalina.realm.LockOutRealm.filterLockedAccounts Se ha intentado autentica al usuario bloqueado [root]
26-Nov-2021 21:31:23.742 ADVERTENCIA [http-nio-8080-exec-5] org.apache.catalina.realm.LockOutRealm.filterLockedAccounts Se ha intentado autentica al usuario bloqueado [root]
26-Nov-2021 21:31:24.010 ADVERTENCIA [http-nio-8080-exec-9] org.apache.catalina.realm.LockOutRealm.filterLockedAccounts Se ha intentado autentica al usuario bloqueado [root]
26-Nov-2021 21:31:24.220 ADVERTENCIA [http-nio-8080-exec-2] org.apache.catalina.realm.LockOutRealm.filterLockedAccounts Se ha intentado autentica al usuario bloqueado [root]
26-Nov-2021 21:31:24.507 ADVERTENCIA [http-nio-8080-exec-6] org.apache.catalina.realm.LockOutRealm.filterLockedAccounts Se ha intentado autentica al usuario bloqueado [root]
26-Nov-2021 21:31:24.679 ADVERTENCIA [http-nio-8080-exec-1] org.apache.catalina.realm.LockOutRealm.filterLockedAccounts Se ha intentado autentica al usuario bloqueado [root]
26-Nov-2021 21:31:24.873 ADVERTENCIA [http-nio-8080-exec-5] org.apache.catalina.realm.LockOutRealm.filterLockedAccounts Se ha intentado autentica al usuario bloqueado [root]
26-Nov-2021 21:31:28.741 ADVERTENCIA [http-nio-8080-exec-9] org.apache.catalina.realm.LockOutRealm.filterLockedAccounts Se ha intentado autentica al usuario bloqueado [root]
26-Nov-2021 21:31:29.863 ADVERTENCIA [http-nio-8080-exec-2] org.apache.catalina.realm.LockOutRealm.filterLockedAccounts Se ha intentado autentica al usuario bloqueado [root]
26-Nov-2021 21:31:30.239 ADVERTENCIA [http-nio-8080-exec-6] org.apache.catalina.realm.LockOutRealm.filterLockedAccounts Se ha intentado autentica al usuario bloqueado [root]
26-Nov-2021 21:31:30.410 ADVERTENCIA [http-nio-8080-exec-1] org.apache.catalina.realm.LockOutRealm.filterLockedAccounts Se ha intentado autentica al usuario bloqueado [root]
26-Nov-2021 21:49:42.835 ADVERTENCIA [http-nio-8080-exec-2] org.apache.catalina.realm.LockOutRealm.filterLockedAccounts Se ha intentado autentica al usuario bloqueado [root]
26-Nov-2021 21:49:43.202 ADVERTENCIA [http-nio-8080-exec-6] org.apache.catalina.realm.LockOutRealm.filterLockedAccounts Se ha intentado autentica al usuario bloqueado [root]
26-Nov-2021 21:49:43.546 ADVERTENCIA [http-nio-8080-exec-1] org.apache.catalina.realm.LockOutRealm.filterLockedAccounts Se ha intentado autentica al usuario bloqueado [root]
26-Nov-2021 21:49:43.912 ADVERTENCIA [http-nio-8080-exec-5] org.apache.catalina.realm.LockOutRealm.filterLockedAccounts Se ha intentado autentica al usuario bloqueado [root]
26-Nov-2021 21:49:44.264 ADVERTENCIA [http-nio-8080-exec-9] org.apache.catalina.realm.LockOutRealm.filterLockedAccounts Se ha intentado autentica al usuario bloqueado [root]
26-Nov-2021 21:49:44.662 ADVERTENCIA [http-nio-8080-exec-2] org.apache.catalina.realm.LockOutRealm.filterLockedAccounts Se ha intentado autentica al usuario bloqueado [root]
26-Nov-2021 21:49:45.033 ADVERTENCIA [http-nio-8080-exec-6] org.apache.catalina.realm.LockOutRealm.filterLockedAccounts Se ha intentado autentica al usuario bloqueado [root]
26-Nov-2021 21:49:45.418 ADVERTENCIA [http-nio-8080-exec-1] org.apache.catalina.realm.LockOutRealm.filterLockedAccounts Se ha intentado autentica al usuario bloqueado [root]
26-Nov-2021 21:49:45.746 ADVERTENCIA [http-nio-8080-exec-5] org.apache.catalina.realm.LockOutRealm.filterLockedAccounts Se ha intentado autentica al usuario bloqueado [root]
26-Nov-2021 21:49:46.063 ADVERTENCIA [http-nio-8080-exec-9] org.apache.catalina.realm.LockOutRealm.filterLockedAccounts Se ha intentado autentica al usuario bloqueado [root]
26-Nov-2021 21:49:46.346 ADVERTENCIA [http-nio-8080-exec-2] org.apache.catalina.realm.LockOutRealm.filterLockedAccounts Se ha intentado autentica al usuario bloqueado [root]
26-Nov-2021 21:49:46.496 ADVERTENCIA [http-nio-8080-exec-6] org.apache.catalina.realm.LockOutRealm.filterLockedAccounts Se ha intentado autentica al usuario bloqueado [root]
26-Nov-2021 21:49:46.673 ADVERTENCIA [http-nio-8080-exec-1] org.apache.catalina.realm.LockOutRealm.filterLockedAccounts Se ha intentado autentica al usuario bloqueado [root]
26-Nov-2021 21:49:46.804 ADVERTENCIA [http-nio-8080-exec-5] org.apache.catalina.realm.LockOutRealm.filterLockedAccounts Se ha intentado autentica al usuario bloqueado [root]
26-Nov-2021 21:49:46.962 ADVERTENCIA [http-nio-8080-exec-9] org.apache.catalina.realm.LockOutRealm.filterLockedAccounts Se ha intentado autentica al usuario bloqueado [root]
26-Nov-2021 21:49:47.394 ADVERTENCIA [http-nio-8080-exec-1] org.apache.catalina.realm.LockOutRealm.filterLockedAccounts Se ha intentado autentica al usuario bloqueado [root]
26-Nov-2021 21:49:47.821 ADVERTENCIA [http-nio-8080-exec-5] org.apache.catalina.realm.LockOutRealm.filterLockedAccounts Se ha intentado autentica al usuario bloqueado [root]
26-Nov-2021 21:49:48.046 ADVERTENCIA [http-nio-8080-exec-9] org.apache.catalina.realm.LockOutRealm.filterLockedAccounts Se ha intentado autentica al usuario bloqueado [root]
26-Nov-2021 21:49:48.201 ADVERTENCIA [http-nio-8080-exec-2] org.apache.catalina.realm.LockOutRealm.filterLockedAccounts Se ha intentado autentica al usuario bloqueado [root]
26-Nov-2021 21:49:48.376 ADVERTENCIA [http-nio-8080-exec-6] org.apache.catalina.realm.LockOutRealm.filterLockedAccounts Se ha intentado autentica al usuario bloqueado [root]
26-Nov-2021 21:49:48.563 ADVERTENCIA [http-nio-8080-exec-1] org.apache.catalina.realm.LockOutRealm.filterLockedAccounts Se ha intentado autentica al usuario bloqueado [root]
26-Nov-2021 21:49:48.719 ADVERTENCIA [http-nio-8080-exec-5] org.apache.catalina.realm.LockOutRealm.filterLockedAccounts Se ha intentado autentica al usuario bloqueado [root]
26-Nov-2021 21:49:48.864 ADVERTENCIA [http-nio-8080-exec-9] org.apache.catalina.realm.LockOutRealm.filterLockedAccounts Se ha intentado autentica al usuario bloqueado [root]
26-Nov-2021 21:49:49.034 ADVERTENCIA [http-nio-8080-exec-2] org.apache.catalina.realm.LockOutRealm.filterLockedAccounts Se ha intentado autentica al usuario bloqueado [root]
26-Nov-2021 21:49:49.198 ADVERTENCIA [http-nio-8080-exec-6] org.apache.catalina.realm.LockOutRealm.filterLockedAccounts Se ha intentado autentica al usuario bloqueado [root]
26-Nov-2021 21:49:49.337 ADVERTENCIA [http-nio-8080-exec-1] org.apache.catalina.realm.LockOutRealm.filterLockedAccounts Se ha intentado autentica al usuario bloqueado [root]
26-Nov-2021 21:49:54.229 ADVERTENCIA [http-nio-8080-exec-5] org.apache.catalina.realm.LockOutRealm.filterLockedAccounts Se ha intentado autentica al usuario bloqueado [root]
26-Nov-2021 21:49:58.987 ADVERTENCIA [http-nio-8080-exec-3] org.apache.catalina.realm.LockOutRealm.filterLockedAccounts Se ha intentado autentica al usuario bloqueado [root]
26-Nov-2021 21:50:37.750 ADVERTENCIA [http-nio-8080-exec-8] org.apache.catalina.realm.LockOutRealm.filterLockedAccounts Se ha intentado autentica al usuario bloqueado [root]
26-Nov-2021 21:50:38.854 ADVERTENCIA [http-nio-8080-exec-5] org.apache.catalina.realm.LockOutRealm.filterLockedAccounts Se ha intentado autentica al usuario bloqueado [root]
26-Nov-2021 21:50:39.259 ADVERTENCIA [http-nio-8080-exec-4] org.apache.catalina.realm.LockOutRealm.filterLockedAccounts Se ha intentado autentica al usuario bloqueado [root]
