30-Nov-2021 12:11:03.121 INFORMACIÓN [main] org.apache.catalina.core.ApplicationContext.log ContextListener: contextInitialized()
30-Nov-2021 12:11:03.122 INFORMACIÓN [main] org.apache.catalina.core.ApplicationContext.log SessionListener: contextInitialized()
30-Nov-2021 12:11:03.126 INFORMACIÓN [main] org.apache.catalina.core.ApplicationContext.log ContextListener: attributeAdded('StockTicker', 'async.Stockticker@44536de4')
30-Nov-2021 14:05:36.619 INFORMACIÓN [main] org.apache.catalina.core.ApplicationContext.log SessionListener: contextDestroyed()
30-Nov-2021 14:05:36.619 INFORMACIÓN [main] org.apache.catalina.core.ApplicationContext.log ContextListener: contextDestroyed()
30-Nov-2021 14:12:29.043 INFORMACIÓN [main] org.apache.catalina.core.ApplicationContext.log ContextListener: contextInitialized()
30-Nov-2021 14:12:29.044 INFORMACIÓN [main] org.apache.catalina.core.ApplicationContext.log SessionListener: contextInitialized()
30-Nov-2021 14:12:29.052 INFORMACIÓN [main] org.apache.catalina.core.ApplicationContext.log ContextListener: attributeAdded('StockTicker', 'async.Stockticker@1a6dc5ea')
30-Nov-2021 14:35:25.328 INFORMACIÓN [main] org.apache.catalina.core.ApplicationContext.log SessionListener: contextDestroyed()
30-Nov-2021 14:35:25.328 INFORMACIÓN [main] org.apache.catalina.core.ApplicationContext.log ContextListener: contextDestroyed()
30-Nov-2021 14:36:52.991 INFORMACIÓN [main] org.apache.catalina.core.ApplicationContext.log ContextListener: contextInitialized()
30-Nov-2021 14:36:52.991 INFORMACIÓN [main] org.apache.catalina.core.ApplicationContext.log SessionListener: contextInitialized()
30-Nov-2021 14:36:52.996 INFORMACIÓN [main] org.apache.catalina.core.ApplicationContext.log ContextListener: attributeAdded('StockTicker', 'async.Stockticker@1a6dc5ea')
30-Nov-2021 15:04:30.127 INFORMACIÓN [main] org.apache.catalina.core.ApplicationContext.log SessionListener: contextDestroyed()
30-Nov-2021 15:04:30.127 INFORMACIÓN [main] org.apache.catalina.core.ApplicationContext.log ContextListener: contextDestroyed()
30-Nov-2021 15:25:16.402 INFO [main] org.apache.catalina.core.ApplicationContext.log ContextListener: contextInitialized()
30-Nov-2021 15:25:16.402 INFO [main] org.apache.catalina.core.ApplicationContext.log SessionListener: contextInitialized()
30-Nov-2021 15:25:16.409 INFO [main] org.apache.catalina.core.ApplicationContext.log ContextListener: attributeAdded('StockTicker', 'async.Stockticker@417446d9')
30-Nov-2021 15:37:14.351 INFO [main] org.apache.catalina.core.ApplicationContext.log SessionListener: contextDestroyed()
30-Nov-2021 15:37:14.352 INFO [main] org.apache.catalina.core.ApplicationContext.log ContextListener: contextDestroyed()
30-Nov-2021 15:40:01.310 INFORMACIÓN [main] org.apache.catalina.core.ApplicationContext.log ContextListener: contextInitialized()
30-Nov-2021 15:40:01.310 INFORMACIÓN [main] org.apache.catalina.core.ApplicationContext.log SessionListener: contextInitialized()
30-Nov-2021 15:40:01.314 INFORMACIÓN [main] org.apache.catalina.core.ApplicationContext.log ContextListener: attributeAdded('StockTicker', 'async.Stockticker@278de2b2')
30-Nov-2021 20:13:31.961 INFORMACIÓN [main] org.apache.catalina.core.ApplicationContext.log SessionListener: contextDestroyed()
30-Nov-2021 20:13:31.962 INFORMACIÓN [main] org.apache.catalina.core.ApplicationContext.log ContextListener: contextDestroyed()
